Log file open, 11/11/16 18:17:17
LogInit:Display: Running engine for game: NecroMancer
LogPlatformFile: Not using cached read wrapper
LogInit:Display: RandInit(-1263556326) SRandInit(-1263556326).
LogTaskGraph: Started task graph with 5 named threads and 8 total threads with 1 sets of task threads.
LogStats: Stats thread started at 0.081720
LogPluginManager: Loaded Plugin Paper2D, From C:/Program Files (x86)/Epic Games/4.13/Engine/Plugins/2D/Paper2D/Paper2D.uplugin
LogPluginManager: Loaded Plugin LightPropagationVolume, From C:/Program Files (x86)/Epic Games/4.13/Engine/Plugins/Blendables/LightPropagationVolume/LightPropagationVolume.uplugin
LogPluginManager: Loaded Plugin BlankPlugin, From C:/Program Files (x86)/Epic Games/4.13/Engine/Plugins/Developer/BlankPlugin/BlankPlugin.uplugin
LogPluginManager: Loaded Plugin CodeLiteSourceCodeAccess, From C:/Program Files (x86)/Epic Games/4.13/Engine/Plugins/Developer/CodeLiteSourceCodeAccess/CodeLiteSourceCodeAccess.uplugin
LogPluginManager: Loaded Plugin GitSourceControl, From C:/Program Files (x86)/Epic Games/4.13/Engine/Plugins/Developer/GitSourceControl/GitSourceControl.uplugin
LogPluginManager: Loaded Plugin KDevelopSourceCodeAccess, From C:/Program Files (x86)/Epic Games/4.13/Engine/Plugins/Developer/KDevelopSourceCodeAccess/KDevelopSourceCodeAccess.uplugin
LogPluginManager: Loaded Plugin NullSourceCodeAccess, From C:/Program Files (x86)/Epic Games/4.13/Engine/Plugins/Developer/NullSourceCodeAccess/NullSourceCodeAccess.uplugin
LogPluginManager: Loaded Plugin OneSkyLocalizationService, From C:/Program Files (x86)/Epic Games/4.13/Engine/Plugins/Developer/OneSkyLocalizationService/OneSkyLocalizationService.uplugin
LogPluginManager: Loaded Plugin PerforceSourceControl, From C:/Program Files (x86)/Epic Games/4.13/Engine/Plugins/Developer/PerforceSourceControl/PerforceSourceControl.uplugin
LogPluginManager: Loaded Plugin SubversionSourceControl, From C:/Program Files (x86)/Epic Games/4.13/Engine/Plugins/Developer/SubversionSourceControl/SubversionSourceControl.uplugin
LogPluginManager: Loaded Plugin UObjectPlugin, From C:/Program Files (x86)/Epic Games/4.13/Engine/Plugins/Developer/UObjectPlugin/UObjectPlugin.uplugin
LogPluginManager: Loaded Plugin VisualStudioSourceCodeAccess, From C:/Program Files (x86)/Epic Games/4.13/Engine/Plugins/Developer/VisualStudioSourceCodeAccess/VisualStudioSourceCodeAccess.uplugin
LogPluginManager: Loaded Plugin XCodeSourceCodeAccess, From C:/Program Files (x86)/Epic Games/4.13/Engine/Plugins/Developer/XCodeSourceCodeAccess/XCodeSourceCodeAccess.uplugin
LogPluginManager: Loaded Plugin EpicSurvey, From C:/Program Files (x86)/Epic Games/4.13/Engine/Plugins/Editor/EpicSurvey/EpicSurvey.uplugin
LogPluginManager: Loaded Plugin MacGraphicsSwitching, From C:/Program Files (x86)/Epic Games/4.13/Engine/Plugins/Editor/MacGraphicsSwitching/MacGraphicsSwitching.uplugin
LogPluginManager: Loaded Plugin MobileLauncherProfileWizard, From C:/Program Files (x86)/Epic Games/4.13/Engine/Plugins/Editor/MobileLauncherProfileWizard/MobileLauncherProfileWizard.uplugin
LogPluginManager: Loaded Plugin PluginBrowser, From C:/Program Files (x86)/Epic Games/4.13/Engine/Plugins/Editor/PluginBrowser/PluginBrowser.uplugin
LogPluginManager: Loaded Plugin SpeedTreeImporter, From C:/Program Files (x86)/Epic Games/4.13/Engine/Plugins/Editor/SpeedTreeImporter/SpeedTreeImporter.uplugin
LogPluginManager: Loaded Plugin SuperSearchEditor, From C:/Program Files (x86)/Epic Games/4.13/Engine/Plugins/Editor/SuperSearchEditor/SuperSearchEditor.uplugin
LogPluginManager: Loaded Plugin AlembicImporter, From C:/Program Files (x86)/Epic Games/4.13/Engine/Plugins/Experimental/AlembicImporter/AlembicImporter.uplugin
LogPluginManager: Loaded Plugin BlueprintStats, From C:/Program Files (x86)/Epic Games/4.13/Engine/Plugins/Experimental/BlueprintStats/BlueprintStats.uplugin
LogPluginManager: Loaded Plugin CharacterAI, From C:/Program Files (x86)/Epic Games/4.13/Engine/Plugins/Experimental/CharacterAI/CharacterAI.uplugin
LogPluginManager: Loaded Plugin CodeEditor, From C:/Program Files (x86)/Epic Games/4.13/Engine/Plugins/Experimental/CodeEditor/CodeEditor.uplugin
LogPluginManager: Loaded Plugin CodeView, From C:/Program Files (x86)/Epic Games/4.13/Engine/Plugins/Experimental/CodeView/CodeView.uplugin
LogPluginManager: Loaded Plugin HTML5Networking, From C:/Program Files (x86)/Epic Games/4.13/Engine/Plugins/Experimental/HTML5Networking/HTML5Networking.uplugin
LogPluginManager: Loaded Plugin LiveEditor, From C:/Program Files (x86)/Epic Games/4.13/Engine/Plugins/Experimental/LiveEditor/LiveEditor.uplugin
LogPluginManager: Loaded Plugin OSVR, From C:/Program Files (x86)/Epic Games/4.13/Engine/Plugins/Experimental/OSVR/OSVR.uplugin
LogPluginManager: Loaded Plugin Phya, From C:/Program Files (x86)/Epic Games/4.13/Engine/Plugins/Experimental/Phya/Phya.uplugin
LogPluginManager: Loaded Plugin SignificanceManager, From C:/Program Files (x86)/Epic Games/4.13/Engine/Plugins/Experimental/SignificanceManager/SignificanceManager.uplugin
LogPluginManager: Loaded Plugin SimpleHMD, From C:/Program Files (x86)/Epic Games/4.13/Engine/Plugins/Experimental/SimpleHMD/SimpleHMD.uplugin
LogPluginManager: Loaded Plugin StereoPanorama, From C:/Program Files (x86)/Epic Games/4.13/Engine/Plugins/Experimental/StereoPanorama/StereoPanorama.uplugin
LogPluginManager: Loaded Plugin StructBox, From C:/Program Files (x86)/Epic Games/4.13/Engine/Plugins/Experimental/StructBox/StructBox.uplugin
LogPluginManager: Loaded Plugin Substance, From C:/Program Files (x86)/Epic Games/4.13/Engine/Plugins/Marketplace/Substance/Substance.uplugin
LogPluginManager: Loaded Plugin AndroidMedia, From C:/Program Files (x86)/Epic Games/4.13/Engine/Plugins/Media/AndroidMedia/AndroidMedia.uplugin
LogPluginManager: Loaded Plugin AvfMedia, From C:/Program Files (x86)/Epic Games/4.13/Engine/Plugins/Media/AvfMedia/AvfMedia.uplugin
LogPluginManager: Loaded Plugin MediaPlayerEditor, From C:/Program Files (x86)/Epic Games/4.13/Engine/Plugins/Media/MediaPlayerEditor/MediaPlayerEditor.uplugin
LogPluginManager: Loaded Plugin WmfMedia, From C:/Program Files (x86)/Epic Games/4.13/Engine/Plugins/Media/WmfMedia/WmfMedia.uplugin
LogPluginManager: Loaded Plugin MessagingDebugger, From C:/Program Files (x86)/Epic Games/4.13/Engine/Plugins/Messaging/MessagingDebugger/MessagingDebugger.uplugin
LogPluginManager: Loaded Plugin TcpMessaging, From C:/Program Files (x86)/Epic Games/4.13/Engine/Plugins/Messaging/TcpMessaging/TcpMessaging.uplugin
LogPluginManager: Loaded Plugin UdpMessaging, From C:/Program Files (x86)/Epic Games/4.13/Engine/Plugins/Messaging/UdpMessaging/UdpMessaging.uplugin
LogPluginManager: Loaded Plugin LevelSequenceEditor, From C:/Program Files (x86)/Epic Games/4.13/Engine/Plugins/MovieScene/LevelSequenceEditor/LevelSequenceEditor.uplugin
LogPluginManager: Loaded Plugin MatineeToLevelSequence, From C:/Program Files (x86)/Epic Games/4.13/Engine/Plugins/MovieScene/MatineeToLevelSequence/MatineeToLevelSequence.uplugin
LogPluginManager: Loaded Plugin NetcodeUnitTest, From C:/Program Files (x86)/Epic Games/4.13/Engine/Plugins/NetcodeUnitTest/NetcodeUnitTest/NetcodeUnitTest.uplugin
LogPluginManager: Loaded Plugin NUTUnrealEngine4, From C:/Program Files (x86)/Epic Games/4.13/Engine/Plugins/NetcodeUnitTest/NUTUnrealEngine4/NUTUnrealEngine4.uplugin
LogPluginManager: Loaded Plugin OnlineSubsystemGooglePlay, From C:/Program Files (x86)/Epic Games/4.13/Engine/Plugins/Online/Android/OnlineSubsystemGooglePlay/OnlineSubsystemGooglePlay.uplugin
LogPluginManager: Loaded Plugin OnlineSubsystemIOS, From C:/Program Files (x86)/Epic Games/4.13/Engine/Plugins/Online/IOS/OnlineSubsystemIOS/OnlineSubsystemIOS.uplugin
LogPluginManager: Loaded Plugin OnlineFramework, From C:/Program Files (x86)/Epic Games/4.13/Engine/Plugins/Online/OnlineFramework/OnlineFramework.uplugin
LogPluginManager: Loaded Plugin OnlineSubsystem, From C:/Program Files (x86)/Epic Games/4.13/Engine/Plugins/Online/OnlineSubsystem/OnlineSubsystem.uplugin
LogPluginManager: Loaded Plugin OnlineSubsystemAmazon, From C:/Program Files (x86)/Epic Games/4.13/Engine/Plugins/Online/OnlineSubsystemAmazon/OnlineSubsystemAmazon.uplugin
LogPluginManager: Loaded Plugin OnlineSubsystemFacebook, From C:/Program Files (x86)/Epic Games/4.13/Engine/Plugins/Online/OnlineSubsystemFacebook/OnlineSubsystemFacebook.uplugin
LogPluginManager: Loaded Plugin OnlineSubsystemNull, From C:/Program Files (x86)/Epic Games/4.13/Engine/Plugins/Online/OnlineSubsystemNull/OnlineSubsystemNull.uplugin
LogPluginManager: Loaded Plugin OnlineSubsystemOculus, From C:/Program Files (x86)/Epic Games/4.13/Engine/Plugins/Online/OnlineSubsystemOculus/OnlineSubsystemOculus.uplugin
LogPluginManager: Loaded Plugin OnlineSubsystemSteam, From C:/Program Files (x86)/Epic Games/4.13/Engine/Plugins/Online/OnlineSubsystemSteam/OnlineSubsystemSteam.uplugin
LogPluginManager: Loaded Plugin OnlineSubsystemUtils, From C:/Program Files (x86)/Epic Games/4.13/Engine/Plugins/Online/OnlineSubsystemUtils/OnlineSubsystemUtils.uplugin
LogPluginManager: Loaded Plugin IOSTapJoy, From C:/Program Files (x86)/Epic Games/4.13/Engine/Plugins/Runtime/Advertising/IOSTapJoy/IOSTapJoy.uplugin
LogPluginManager: Loaded Plugin AnalyticsBlueprintLibrary, From C:/Program Files (x86)/Epic Games/4.13/Engine/Plugins/Runtime/Analytics/AnalyticsBlueprintLibrary/AnalyticsBlueprintLibrary.uplugin
LogPluginManager: Loaded Plugin AnalyticsMulticast, From C:/Program Files (x86)/Epic Games/4.13/Engine/Plugins/Runtime/Analytics/AnalyticsMulticast/AnalyticsMulticast.uplugin
LogPluginManager: Loaded Plugin Apsalar, From C:/Program Files (x86)/Epic Games/4.13/Engine/Plugins/Runtime/Analytics/Apsalar/Apsalar.uplugin
LogPluginManager: Loaded Plugin FileLogging, From C:/Program Files (x86)/Epic Games/4.13/Engine/Plugins/Runtime/Analytics/FileLogging/FileLogging.uplugin
LogPluginManager: Loaded Plugin Flurry, From C:/Program Files (x86)/Epic Games/4.13/Engine/Plugins/Runtime/Analytics/Flurry/Flurry.uplugin
LogPluginManager: Loaded Plugin AndroidDeviceProfileSelector, From C:/Program Files (x86)/Epic Games/4.13/Engine/Plugins/Runtime/AndroidDeviceProfileSelector/AndroidDeviceProfileSelector.uplugin
LogPluginManager: Loaded Plugin AndroidMoviePlayer, From C:/Program Files (x86)/Epic Games/4.13/Engine/Plugins/Runtime/AndroidMoviePlayer/AndroidMoviePlayer.uplugin
LogPluginManager: Loaded Plugin AppleMoviePlayer, From C:/Program Files (x86)/Epic Games/4.13/Engine/Plugins/Runtime/AppleMoviePlayer/AppleMoviePlayer.uplugin
LogPluginManager: Loaded Plugin ArchVisCharacter, From C:/Program Files (x86)/Epic Games/4.13/Engine/Plugins/Runtime/ArchVisCharacter/ArchVisCharacter.uplugin
LogPluginManager: Loaded Plugin CableComponent, From C:/Program Files (x86)/Epic Games/4.13/Engine/Plugins/Runtime/CableComponent/CableComponent.uplugin
LogPluginManager: Loaded Plugin CustomMeshComponent, From C:/Program Files (x86)/Epic Games/4.13/Engine/Plugins/Runtime/CustomMeshComponent/CustomMeshComponent.uplugin
LogPluginManager: Loaded Plugin ExampleDeviceProfileSelector, From C:/Program Files (x86)/Epic Games/4.13/Engine/Plugins/Runtime/ExampleDeviceProfileSelector/ExampleDeviceProfileSelector.uplugin
LogPluginManager: Loaded Plugin GearVR, From C:/Program Files (x86)/Epic Games/4.13/Engine/Plugins/Runtime/GearVR/GearVR.uplugin
LogPluginManager: Loaded Plugin GoogleVRController, From C:/Program Files (x86)/Epic Games/4.13/Engine/Plugins/Runtime/GoogleVR/GoogleVRController/GoogleVRController.uplugin
LogPluginManager: Loaded Plugin GoogleVRHMD, From C:/Program Files (x86)/Epic Games/4.13/Engine/Plugins/Runtime/GoogleVR/GoogleVRHMD/GoogleVRHMD.uplugin
LogPluginManager: Loaded Plugin IOSDeviceProfileSelector, From C:/Program Files (x86)/Epic Games/4.13/Engine/Plugins/Runtime/IOSDeviceProfileSelector/IOSDeviceProfileSelector.uplugin
LogPluginManager: Loaded Plugin LeapMotion, From C:/Program Files (x86)/Epic Games/4.13/Engine/Plugins/Runtime/LeapMotion/LeapMotion.uplugin
LogPluginManager: Loaded Plugin LinuxDeviceProfileSelector, From C:/Program Files (x86)/Epic Games/4.13/Engine/Plugins/Runtime/LinuxDeviceProfileSelector/LinuxDeviceProfileSelector.uplugin
LogPluginManager: Loaded Plugin LiveEditorListenServer, From C:/Program Files (x86)/Epic Games/4.13/Engine/Plugins/Runtime/LiveEditorListenServer/LiveEditorListenServer.uplugin
LogPluginManager: Loaded Plugin OculusAudio, From C:/Program Files (x86)/Epic Games/4.13/Engine/Plugins/Runtime/OculusAudio/OculusAudio.uplugin
LogPluginManager: Loaded Plugin OculusInput, From C:/Program Files (x86)/Epic Games/4.13/Engine/Plugins/Runtime/OculusInput/OculusInput.uplugin
LogPluginManager: Loaded Plugin OculusLibrary, From C:/Program Files (x86)/Epic Games/4.13/Engine/Plugins/Runtime/OculusLibrary/OculusLibrary.uplugin
LogPluginManager: Loaded Plugin OculusRift, From C:/Program Files (x86)/Epic Games/4.13/Engine/Plugins/Runtime/OculusRift/OculusRift.uplugin
LogPluginManager: Loaded Plugin Oodle, From C:/Program Files (x86)/Epic Games/4.13/Engine/Plugins/Runtime/PacketHandlers/CompressionComponents/Oodle/Oodle.uplugin
LogPluginManager: Loaded Plugin ProceduralMeshComponent, From C:/Program Files (x86)/Epic Games/4.13/Engine/Plugins/Runtime/ProceduralMeshComponent/ProceduralMeshComponent.uplugin
LogPluginManager: Loaded Plugin SoundMod, From C:/Program Files (x86)/Epic Games/4.13/Engine/Plugins/Runtime/SoundMod/SoundMod.uplugin
LogPluginManager: Loaded Plugin SoundVisualizations, From C:/Program Files (x86)/Epic Games/4.13/Engine/Plugins/Runtime/SoundVisualizations/SoundVisualizations.uplugin
LogPluginManager: Loaded Plugin SteamController, From C:/Program Files (x86)/Epic Games/4.13/Engine/Plugins/Runtime/Steam/SteamController/SteamController.uplugin
LogPluginManager: Loaded Plugin SteamVR, From C:/Program Files (x86)/Epic Games/4.13/Engine/Plugins/Runtime/Steam/SteamVR/SteamVR.uplugin
LogPluginManager: Loaded Plugin WebBrowserWidget, From C:/Program Files (x86)/Epic Games/4.13/Engine/Plugins/Runtime/WebBrowserWidget/WebBrowserWidget.uplugin
LogPluginManager: Loaded Plugin WindowsDeviceProfileSelector, From C:/Program Files (x86)/Epic Games/4.13/Engine/Plugins/Runtime/WindowsDeviceProfileSelector/WindowsDeviceProfileSelector.uplugin
LogPluginManager: Loaded Plugin WindowsMoviePlayer, From C:/Program Files (x86)/Epic Games/4.13/Engine/Plugins/Runtime/WindowsMoviePlayer/WindowsMoviePlayer.uplugin
LogPluginManager: Loaded Plugin ScriptPlugin, From C:/Program Files (x86)/Epic Games/4.13/Engine/Plugins/ScriptPlugin/ScriptPlugin.uplugin
LogPluginManager: Loaded Plugin SlateRemote, From C:/Program Files (x86)/Epic Games/4.13/Engine/Plugins/Slate/SlateRemote/SlateRemote.uplugin
LogInit: Using libcurl 7.47.1
LogInit:  - built for x86_64-pc-win32
LogInit:  - supports SSL with WinSSL
LogInit:  - other features:
LogInit:      CURL_VERSION_SSL
LogInit:      CURL_VERSION_IPV6
LogInit:      CURL_VERSION_ASYNCHDNS
LogInit:      CURL_VERSION_LARGEFILE
LogInit:      CURL_VERSION_IDN
LogInit:  CurlRequestOptions (configurable via config and command line):
LogInit:  - bVerifyPeer = false  - Libcurl will NOT verify peer certificate
LogInit:  - bUseHttpProxy = false  - Libcurl will NOT use HTTP proxy
LogInit:  - bDontReuseConnections = false  - Libcurl will reuse connections
LogInit:  - CertBundlePath = nullptr  - Libcurl will use whatever was configured at build time.
LogInit: Build: ++UE4+Release-4.13-CL-3106830
LogInit: Engine Version: 4.13.0-3106830+++UE4+Release-4.13
LogInit: Compatible Engine Version: 4.13.0-3106830+++UE4+Release-4.13
LogInit: Net CL: 3106830
LogDevObjectVersion: Number of dev versions registered: 13
LogDevObjectVersion:   Dev-Blueprints (B0D832E4-1F89-4F0D-ACCF-7EB736FD4AA2): 5
LogDevObjectVersion:   Dev-Build (E1C64328-A22C-4D53-A36C-8E866417BD8C): 0
LogDevObjectVersion:   Dev-Core (375EC13C-06E4-48FB-B500-84F0262A717E): 1
LogDevObjectVersion:   Dev-Editor (E4B068ED-F494-42E9-A231-DA0B2E46BB41): 6
LogDevObjectVersion:   Dev-Framework (CFFC743F-43B0-4480-9391-14DF171D2073): 12
LogDevObjectVersion:   Dev-Mobile (B02B49B5-BB20-44E9-A304-32B752E40360): 0
LogDevObjectVersion:   Dev-Networking (A4E4105C-59A1-49B5-A7C5-40C4547EDFEE): 0
LogDevObjectVersion:   Dev-Online (39C831C9-5AE6-47DC-9A44-9C173E1C8E7C): 0
LogDevObjectVersion:   Dev-Physics (78F01B33-EBEA-4F98-B9B4-84EACCB95AA2): 0
LogDevObjectVersion:   Dev-Platform (6631380F-2D4D-43E0-8009-CF276956A95A): 0
LogDevObjectVersion:   Dev-Rendering (12F88B9F-8875-4AFC-A67C-D90C383ABD29): 4
LogDevObjectVersion:   Dev-Sequencer (7B5AE74C-D270-4C10-A958-57980B212A5A): 0
LogDevObjectVersion:   Dev-VR (D7296918-1DD6-4BDD-9DE2-64A83CC13884): 0
LogInit: Compiled (64-bit): Aug 30 2016 18:11:39
LogInit: Compiled with Visual C++: 19.00.23026.00
LogInit: Build Configuration: Development
LogInit: Branch Name: ++UE4+Release-4.13
LogInit: Command line: -EpicPortal 
LogInit: Base directory: C:/Program Files (x86)/Epic Games/4.13/Engine/Binaries/Win64/
LogInit: Installed Engine Build: 1
LogInit: Presizing for max 8388607 objects, including 0 objects not considered by GC, pre-allocating 0 bytes for permanent pool.
LogInit: Object subsystem initialized
[2016.11.11-18.17.18:045][  0]LogInit: Selected Device Profile: [Windows]
[2016.11.11-18.17.18:045][  0]LogInit: Applying CVar settings loaded from the selected device profile: [Windows]
[2016.11.11-18.17.18:086][  0]LogInit: Computer: 502-6132
[2016.11.11-18.17.18:086][  0]LogInit: User: 100405964
[2016.11.11-18.17.18:086][  0]LogInit: CPU Page size=65536, Cores=4
[2016.11.11-18.17.18:086][  0]LogInit: High frequency timer resolution =3.312695 MHz
[2016.11.11-18.17.18:086][  0]LogMemory: Memory total: Physical=15.9GB (16GB approx)
[2016.11.11-18.17.18:086][  0]LogMemory: Platform Memory Stats for Windows
[2016.11.11-18.17.18:086][  0]LogMemory: Process Physical Memory: 260.12 MB used, 260.12 MB peak
[2016.11.11-18.17.18:086][  0]LogMemory: Process Virtual Memory: 264.02 MB used, 264.02 MB peak
[2016.11.11-18.17.18:086][  0]LogMemory: Physical Memory: 5006.09 MB used, 16289.54 MB total
[2016.11.11-18.17.18:086][  0]LogMemory: Virtual Memory: 610.74 MB used, 8388608.00 MB total
[2016.11.11-18.17.18:137][  0]LogTextLocalizationManager: No specific translations for ('en-GB') exist, so ('en') translations will be used.
[2016.11.11-18.17.18:926][  0]LogD3D11RHI: D3D11 adapters:
[2016.11.11-18.17.18:947][  0]LogD3D11RHI:    0. 'NVIDIA GeForce GTX 760' (Feature Level 11_0)
[2016.11.11-18.17.18:948][  0]LogD3D11RHI:       1989/0/2048 MB DedicatedVideo/DedicatedSystem/SharedSystem, Outputs:2, VendorId:0x10de
[2016.11.11-18.17.18:948][  0]LogD3D11RHI: Chosen D3D11 Adapter: 0
[2016.11.11-18.17.18:952][  0]LogD3D11RHI: Creating new Direct3DDevice
[2016.11.11-18.17.18:952][  0]LogD3D11RHI:     GPU DeviceId: 0x1187 (for the marketing name, search the web for "GPU Device Id")
[2016.11.11-18.17.18:952][  0]LogWindows: EnumDisplayDevices:
[2016.11.11-18.17.18:952][  0]LogWindows:    0. 'NVIDIA GeForce GTX 760' (P:1 D:1)
[2016.11.11-18.17.18:953][  0]LogWindows:    1. 'NVIDIA GeForce GTX 760' (P:0 D:1)
[2016.11.11-18.17.18:953][  0]LogWindows:    2. 'NVIDIA GeForce GTX 760' (P:0 D:0)
[2016.11.11-18.17.18:953][  0]LogWindows:    3. 'NVIDIA GeForce GTX 760' (P:0 D:0)
[2016.11.11-18.17.18:953][  0]LogWindows:    4. 'RDPDD Chained DD' (P:0 D:0)
[2016.11.11-18.17.18:953][  0]LogWindows:    5. 'RDP Encoder Mirror Driver' (P:0 D:0)
[2016.11.11-18.17.18:953][  0]LogWindows:    6. 'RDP Reflector Display Driver' (P:0 D:0)
[2016.11.11-18.17.18:953][  0]LogWindows: DebugString: GetVideoDriverDetailsInvalid PrimaryIsNotTheChoosenAdapter GetVideoDriverDetailsInvalid PrimaryIsNotTheChoosenAdapter GetVideoDriverDetailsInvalid PrimaryIsNotTheChoosenAdapter FoundDriverCount:4 
[2016.11.11-18.17.18:953][  0]LogD3D11RHI:     Adapter Name: NVIDIA GeForce GTX 760
[2016.11.11-18.17.18:953][  0]LogD3D11RHI:   Driver Version: 368.81 (internal:10.18.13.6881, unified:368.81)
[2016.11.11-18.17.18:953][  0]LogD3D11RHI:      Driver Date: 7-10-2016
[2016.11.11-18.17.18:953][  0]LogRHI: Texture pool is 1361 MB (70% of 1945 MB)
[2016.11.11-18.17.18:963][  0]LogD3D11RHI: Async texture creation enabled
[2016.11.11-18.17.18:976][  0]LogD3D11RHI: GPU Timing Frequency: 1000.000000 (Debug: 2 2)
[2016.11.11-18.17.18:976][  0]LogShaderCompilers: Guid format shader working directory is 13 characters bigger than the processId version (T:/Documents/NECROMANCER/NecroMancer/Intermediate/Shaders/WorkingDirectory/6280/).
[2016.11.11-18.17.18:976][  0]LogShaderCompilers: Cleaned the shader compiler working directory 'C:/Users/100405~1/AppData/Local/Temp/UnrealShaderWorkingDir/AECB3CF84A48AE19352FBB964D1F6CF1/'.
[2016.11.11-18.17.18:976][  0]LogShaderCompilers:Display: Using Local Shader Compiler.
[2016.11.11-18.17.21:055][  0]LogTemp:Display: Loaded TP AllDesktopTargetPlatform
[2016.11.11-18.17.21:068][  0]LogTemp:Display: Loaded TP WindowsClientTargetPlatform
[2016.11.11-18.17.21:080][  0]LogTemp:Display: Loaded TP WindowsNoEditorTargetPlatform
[2016.11.11-18.17.21:091][  0]LogTemp:Display: Loaded TP WindowsServerTargetPlatform
[2016.11.11-18.17.21:099][  0]LogTemp:Display: Loaded TP WindowsTargetPlatform
[2016.11.11-18.17.21:110][  0]LogTemp:Display: Loaded TP AndroidTargetPlatform
[2016.11.11-18.17.21:122][  0]LogTemp:Display: Loaded TP Android_ASTCTargetPlatform
[2016.11.11-18.17.21:134][  0]LogTemp:Display: Loaded TP Android_ATCTargetPlatform
[2016.11.11-18.17.21:151][  0]LogTemp:Display: Loaded TP Android_DXTTargetPlatform
[2016.11.11-18.17.21:164][  0]LogTemp:Display: Loaded TP Android_ETC1TargetPlatform
[2016.11.11-18.17.21:175][  0]LogTemp:Display: Loaded TP Android_ETC2TargetPlatform
[2016.11.11-18.17.21:196][  0]LogTemp:Display: Loaded TP Android_MultiTargetPlatform
[2016.11.11-18.17.21:196][  0]LogTemp:Display: Loaded TP Android_PVRTCTargetPlatform
[2016.11.11-18.17.21:197][  0]LogTemp:Display: Loaded TP HTML5TargetPlatform
[2016.11.11-18.17.21:220][  0]LogTemp:Display: Loaded TP IOSTargetPlatform
[2016.11.11-18.17.21:230][  0]LogTemp:Display: Loaded TP TVOSTargetPlatform
[2016.11.11-18.17.21:240][  0]LogTemp:Display: Loaded TP LinuxClientTargetPlatform
[2016.11.11-18.17.21:249][  0]LogTemp:Display: Loaded TP LinuxNoEditorTargetPlatform
[2016.11.11-18.17.21:259][  0]LogTemp:Display: Loaded TP LinuxServerTargetPlatform
[2016.11.11-18.17.21:269][  0]LogTemp:Display: Loaded TP LinuxTargetPlatform
[2016.11.11-18.17.21:269][  0]LogTargetPlatformManager:Display: Building Assets For Windows
[2016.11.11-18.17.21:347][  0]LogDerivedDataCache:Display: Max Cache Size: 512 MB
[2016.11.11-18.17.21:414][  0]LogDerivedDataCache: Loaded boot cache 0.07s 76MB C:/Users/100405964/AppData/Local/UnrealEngine/4.13/DerivedDataCache/Boot.ddc.
[2016.11.11-18.17.21:414][  0]LogDerivedDataCache:Display: Loaded Boot cache: C:/Users/100405964/AppData/Local/UnrealEngine/4.13/DerivedDataCache/Boot.ddc
[2016.11.11-18.17.21:415][  0]LogDerivedDataCache: FDerivedDataBackendGraph:  Pak pak cache file T:/Documents/NECROMANCER/NecroMancer/DerivedDataCache/DDC.ddp not found, will not use a pak cache.
[2016.11.11-18.17.21:415][  0]LogDerivedDataCache: Unable to find inner node Pak for hierarchical cache Hierarchy.
[2016.11.11-18.17.21:416][  0]LogDerivedDataCache: FDerivedDataBackendGraph:  CompressedPak pak cache file T:/Documents/NECROMANCER/NecroMancer/DerivedDataCache/Compressed.ddp not found, will not use a pak cache.
[2016.11.11-18.17.21:416][  0]LogDerivedDataCache: Unable to find inner node CompressedPak for hierarchical cache Hierarchy.
[2016.11.11-18.17.21:433][  0]LogDerivedDataCache:Display: Pak cache opened for reading ../../../Engine/DerivedDataCache/Compressed.ddp.
[2016.11.11-18.17.21:444][  0]LogDerivedDataCache: Using Local data cache path C:/Users/100405964/AppData/Local/UnrealEngine/Common/DerivedDataCache: Writable
[2016.11.11-18.17.21:675][  0]LogInit: Selected Device Profile: [Windows]
[2016.11.11-18.17.21:676][  0]LogMaterial: Uniform references updated for custom material expression Custom.
[2016.11.11-18.17.21:677][  0]LogContentStreaming: Texture pool size is 0.00 MB
[2016.11.11-18.17.21:851][  0]LogMeshUtilities: No automatic mesh reduction module available
[2016.11.11-18.17.21:851][  0]LogMeshUtilities: No automatic mesh merging module available
[2016.11.11-18.17.21:851][  0]LogMeshUtilities: No distributed automatic mesh merging module available
[2016.11.11-18.17.22:129][  0]LogNetVersion: GetLocalNetworkVersion: CL: 3106830, ProjectName: necromancer, ProjectVersion: , EngineNetworkVersion: 1, GameNetworkVersion: 0, NetworkChecksum: 3223337681
[2016.11.11-18.17.22:162][  0]LogAssetRegistry: FAssetRegistry took 0.0194 seconds to start up
[2016.11.11-18.17.22:316][  0]LogPackageLocalizationCache: Processed 3 localized package path(s) for 2 prioritized culture(s) in 0.150066 seconds
[2016.11.11-18.17.22:320][  0]LogUObjectArray: 29777 objects as part of root set at end of initial load.
[2016.11.11-18.17.22:320][  0]LogUObjectAllocator: 6124696 out of 0 bytes used by permanent object pool.
[2016.11.11-18.17.22:320][  0]LogUObjectArray: CloseDisregardForGC: 0/0 objects in disregard for GC pool
[2016.11.11-18.17.22:325][  0]LogInit: WinSock: version 1.1 (2.2), MaxSocks=32767, MaxUdp=65467
[2016.11.11-18.17.22:520][  0]LogSlate: SlateFontCache - WITH_FREETYPE: 1, WITH_HARFBUZZ: 1
[2016.11.11-18.17.22:520][  0]LogSlate: SlateFontCache - WITH_FREETYPE: 1, WITH_HARFBUZZ: 1
[2016.11.11-18.17.23:451][  0]LogSubstanceCoreModule: Substance CPU Engine Loaded, Max Texture Size 2048
[2016.11.11-18.17.23:810][  0]LogUdpMessaging: Initializing bridge on interface 0.0.0.0:0 to multicast group 230.0.0.1:6666.
[2016.11.11-18.17.23:817][  0]LogDirectoryWatcher: A directory notification failed for 'T:/Documents/NECROMANCER/NecroMancer/Content/' because it was empty or there was a buffer overflow. Attemping another request...
[2016.11.11-18.17.24:721][  0]SourceControl: Info Source control is disabled
[2016.11.11-18.17.24:760][  0]SourceControl: Info Source control is disabled
[2016.11.11-18.17.24:771][  0]SourceControl: Info Source control is disabled
[2016.11.11-18.17.24:779][  0]SourceControl: Info Source control is disabled
[2016.11.11-18.17.25:117][  0]LogEngine: Initializing Engine...
[2016.11.11-18.17.25:119][  0]LogHMD: Failed to initialize OpenVR with code 110
[2016.11.11-18.17.25:248][  0]LogAIModule: Creating AISystem for world Untitled
[2016.11.11-18.17.25:259][  0]LogInit: XAudio2 using 'Speakers (Realtek High Definition Audio)' : 2 channels at 48 kHz using 32 bits per sample (channel mask 0x3)
[2016.11.11-18.17.25:278][  0]LogInit: FAudioDevice initialized.
[2016.11.11-18.17.25:309][  0]LogDerivedDataCache: Saved boot cache 0.03s 62MB C:/Users/100405964/AppData/Local/UnrealEngine/4.13/DerivedDataCache/Boot.ddc.
[2016.11.11-18.17.25:316][  0]LogInit: Texture streaming: Enabled
[2016.11.11-18.17.25:340][  0]LogInit: Transaction tracking system initialized
[2016.11.11-18.17.25:359][  0]BlueprintLog: New page: Editor Load
[2016.11.11-18.17.25:604][  0]LocalizationService: Info Localization service is disabled
[2016.11.11-18.17.25:797][  0]LogConsoleResponse:Display: 
[2016.11.11-18.17.25:917][  0]LogCook:Display: Max memory allowance for cook 16384mb min free memory 0mb
[2016.11.11-18.17.25:917][  0]LogCook:Display: Mobile HDR setting 1
[2016.11.11-18.17.26:072][  0]LogFileCache: Scanning file cache for directory 'T:/Documents/NECROMANCER/NecroMancer/Content/' took 0.01s
[2016.11.11-18.17.26:072][  0]SourceControl: Info Source control is disabled
[2016.11.11-18.17.26:072][  0]LogFactory: FactoryCreateFile: PackFactory with PackFactory (0 0 C:/Program Files (x86)/Epic Games/4.13/FeaturePacks/StarterContent.upack)
[2016.11.11-18.17.26:080][  0]LogPackFactory: Finished extracting 8 files (including 0 errors).
[2016.11.11-18.17.26:094][  0]LogPackFactory: Copied "../../../Samples/StarterContent/Content/StarterContent/Architecture/Floor_400x400.uasset" to "T:/Documents/NECROMANCER/NecroMancer/Content/StarterContent/Architecture/Floor_400x400.uasset"
[2016.11.11-18.17.26:108][  0]LogPackFactory: Copied "../../../Samples/StarterContent/Content/StarterContent/Architecture/Pillar_50x500.uasset" to "T:/Documents/NECROMANCER/NecroMancer/Content/StarterContent/Architecture/Pillar_50x500.uasset"
[2016.11.11-18.17.26:163][  0]LogPackFactory: Copied "../../../Samples/StarterContent/Content/StarterContent/Architecture/SM_AssetPlatform.uasset" to "T:/Documents/NECROMANCER/NecroMancer/Content/StarterContent/Architecture/SM_AssetPlatform.uasset"
[2016.11.11-18.17.26:179][  0]LogPackFactory: Copied "../../../Samples/StarterContent/Content/StarterContent/Architecture/Wall_400x200.uasset" to "T:/Documents/NECROMANCER/NecroMancer/Content/StarterContent/Architecture/Wall_400x200.uasset"
[2016.11.11-18.17.26:194][  0]LogPackFactory: Copied "../../../Samples/StarterContent/Content/StarterContent/Architecture/Wall_400x300.uasset" to "T:/Documents/NECROMANCER/NecroMancer/Content/StarterContent/Architecture/Wall_400x300.uasset"
[2016.11.11-18.17.26:208][  0]LogPackFactory: Copied "../../../Samples/StarterContent/Content/StarterContent/Architecture/Wall_400x400.uasset" to "T:/Documents/NECROMANCER/NecroMancer/Content/StarterContent/Architecture/Wall_400x400.uasset"
[2016.11.11-18.17.26:224][  0]LogPackFactory: Copied "../../../Samples/StarterContent/Content/StarterContent/Architecture/Wall_500x500.uasset" to "T:/Documents/NECROMANCER/NecroMancer/Content/StarterContent/Architecture/Wall_500x500.uasset"
[2016.11.11-18.17.26:240][  0]LogPackFactory: Copied "../../../Samples/StarterContent/Content/StarterContent/Architecture/Wall_Door_400x300.uasset" to "T:/Documents/NECROMANCER/NecroMancer/Content/StarterContent/Architecture/Wall_Door_400x300.uasset"
[2016.11.11-18.17.26:256][  0]LogPackFactory: Copied "../../../Samples/StarterContent/Content/StarterContent/Architecture/Wall_Door_400x400.uasset" to "T:/Documents/NECROMANCER/NecroMancer/Content/StarterContent/Architecture/Wall_Door_400x400.uasset"
[2016.11.11-18.17.26:273][  0]LogPackFactory: Copied "../../../Samples/StarterContent/Content/StarterContent/Architecture/Wall_Window_400x300.uasset" to "T:/Documents/NECROMANCER/NecroMancer/Content/StarterContent/Architecture/Wall_Window_400x300.uasset"
[2016.11.11-18.17.26:291][  0]LogPackFactory: Copied "../../../Samples/StarterContent/Content/StarterContent/Architecture/Wall_Window_400x400.uasset" to "T:/Documents/NECROMANCER/NecroMancer/Content/StarterContent/Architecture/Wall_Window_400x400.uasset"
[2016.11.11-18.17.26:337][  0]LogPackFactory: Copied "../../../Samples/StarterContent/Content/StarterContent/Audio/Collapse01.uasset" to "T:/Documents/NECROMANCER/NecroMancer/Content/StarterContent/Audio/Collapse01.uasset"
[2016.11.11-18.17.26:380][  0]LogPackFactory: Copied "../../../Samples/StarterContent/Content/StarterContent/Audio/Collapse02.uasset" to "T:/Documents/NECROMANCER/NecroMancer/Content/StarterContent/Audio/Collapse02.uasset"
[2016.11.11-18.17.26:395][  0]LogPackFactory: Copied "../../../Samples/StarterContent/Content/StarterContent/Audio/Collapse_Cue.uasset" to "T:/Documents/NECROMANCER/NecroMancer/Content/StarterContent/Audio/Collapse_Cue.uasset"
[2016.11.11-18.17.26:433][  0]LogPackFactory: Copied "../../../Samples/StarterContent/Content/StarterContent/Audio/Explosion01.uasset" to "T:/Documents/NECROMANCER/NecroMancer/Content/StarterContent/Audio/Explosion01.uasset"
[2016.11.11-18.17.26:473][  0]LogPackFactory: Copied "../../../Samples/StarterContent/Content/StarterContent/Audio/Explosion02.uasset" to "T:/Documents/NECROMANCER/NecroMancer/Content/StarterContent/Audio/Explosion02.uasset"
[2016.11.11-18.17.26:491][  0]LogPackFactory: Copied "../../../Samples/StarterContent/Content/StarterContent/Audio/Explosion_Cue.uasset" to "T:/Documents/NECROMANCER/NecroMancer/Content/StarterContent/Audio/Explosion_Cue.uasset"
[2016.11.11-18.17.26:564][  0]LogPackFactory: Copied "../../../Samples/StarterContent/Content/StarterContent/Audio/Fire01.uasset" to "T:/Documents/NECROMANCER/NecroMancer/Content/StarterContent/Audio/Fire01.uasset"
[2016.11.11-18.17.26:579][  0]LogPackFactory: Copied "../../../Samples/StarterContent/Content/StarterContent/Audio/Fire01_Cue.uasset" to "T:/Documents/NECROMANCER/NecroMancer/Content/StarterContent/Audio/Fire01_Cue.uasset"
[2016.11.11-18.17.26:662][  0]LogPackFactory: Copied "../../../Samples/StarterContent/Content/StarterContent/Audio/Fire_Sparks01.uasset" to "T:/Documents/NECROMANCER/NecroMancer/Content/StarterContent/Audio/Fire_Sparks01.uasset"
[2016.11.11-18.17.26:678][  0]LogPackFactory: Copied "../../../Samples/StarterContent/Content/StarterContent/Audio/Fire_Sparks01_Cue.uasset" to "T:/Documents/NECROMANCER/NecroMancer/Content/StarterContent/Audio/Fire_Sparks01_Cue.uasset"
[2016.11.11-18.17.26:723][  0]LogPackFactory: Copied "../../../Samples/StarterContent/Content/StarterContent/Audio/Light01.uasset" to "T:/Documents/NECROMANCER/NecroMancer/Content/StarterContent/Audio/Light01.uasset"
[2016.11.11-18.17.26:738][  0]LogPackFactory: Copied "../../../Samples/StarterContent/Content/StarterContent/Audio/Light01_Cue.uasset" to "T:/Documents/NECROMANCER/NecroMancer/Content/StarterContent/Audio/Light01_Cue.uasset"
[2016.11.11-18.17.26:779][  0]LogPackFactory: Copied "../../../Samples/StarterContent/Content/StarterContent/Audio/Light02.uasset" to "T:/Documents/NECROMANCER/NecroMancer/Content/StarterContent/Audio/Light02.uasset"
[2016.11.11-18.17.26:795][  0]LogPackFactory: Copied "../../../Samples/StarterContent/Content/StarterContent/Audio/Light02_Cue.uasset" to "T:/Documents/NECROMANCER/NecroMancer/Content/StarterContent/Audio/Light02_Cue.uasset"
[2016.11.11-18.17.26:851][  0]LogPackFactory: Copied "../../../Samples/StarterContent/Content/StarterContent/Audio/Smoke01.uasset" to "T:/Documents/NECROMANCER/NecroMancer/Content/StarterContent/Audio/Smoke01.uasset"
[2016.11.11-18.17.26:866][  0]LogPackFactory: Copied "../../../Samples/StarterContent/Content/StarterContent/Audio/Smoke01_Cue.uasset" to "T:/Documents/NECROMANCER/NecroMancer/Content/StarterContent/Audio/Smoke01_Cue.uasset"
[2016.11.11-18.17.26:881][  0]LogPackFactory: Copied "../../../Samples/StarterContent/Content/StarterContent/Audio/Starter_Background_Cue.uasset" to "T:/Documents/NECROMANCER/NecroMancer/Content/StarterContent/Audio/Starter_Background_Cue.uasset"
[2016.11.11-18.17.27:131][  0]LogPackFactory: Copied "../../../Samples/StarterContent/Content/StarterContent/Audio/Starter_Birds01.uasset" to "T:/Documents/NECROMANCER/NecroMancer/Content/StarterContent/Audio/Starter_Birds01.uasset"
[2016.11.11-18.17.27:883][  0]LogPackFactory: Copied "../../../Samples/StarterContent/Content/StarterContent/Audio/Starter_Music01.uasset" to "T:/Documents/NECROMANCER/NecroMancer/Content/StarterContent/Audio/Starter_Music01.uasset"
[2016.11.11-18.17.27:897][  0]LogPackFactory: Copied "../../../Samples/StarterContent/Content/StarterContent/Audio/Starter_Music_Cue.uasset" to "T:/Documents/NECROMANCER/NecroMancer/Content/StarterContent/Audio/Starter_Music_Cue.uasset"
[2016.11.11-18.17.28:113][  0]LogPackFactory: Copied "../../../Samples/StarterContent/Content/StarterContent/Audio/Starter_Wind05.uasset" to "T:/Documents/NECROMANCER/NecroMancer/Content/StarterContent/Audio/Starter_Wind05.uasset"
[2016.11.11-18.17.28:319][  0]LogPackFactory: Copied "../../../Samples/StarterContent/Content/StarterContent/Audio/Starter_Wind06.uasset" to "T:/Documents/NECROMANCER/NecroMancer/Content/StarterContent/Audio/Starter_Wind06.uasset"
[2016.11.11-18.17.28:405][  0]LogPackFactory: Copied "../../../Samples/StarterContent/Content/StarterContent/Audio/Steam01.uasset" to "T:/Documents/NECROMANCER/NecroMancer/Content/StarterContent/Audio/Steam01.uasset"
[2016.11.11-18.17.28:448][  0]LogPackFactory: Copied "../../../Samples/StarterContent/Content/StarterContent/Audio/Steam01_Cue.uasset" to "T:/Documents/NECROMANCER/NecroMancer/Content/StarterContent/Audio/Steam01_Cue.uasset"
[2016.11.11-18.17.28:477][  0]LogPackFactory: Copied "../../../Samples/StarterContent/Content/StarterContent/Blueprints/Blueprint_CeilingLight.uasset" to "T:/Documents/NECROMANCER/NecroMancer/Content/StarterContent/Blueprints/Blueprint_CeilingLight.uasset"
[2016.11.11-18.17.28:492][  0]LogPackFactory: Copied "../../../Samples/StarterContent/Content/StarterContent/Blueprints/Blueprint_Effect_Explosion.uasset" to "T:/Documents/NECROMANCER/NecroMancer/Content/StarterContent/Blueprints/Blueprint_Effect_Explosion.uasset"
[2016.11.11-18.17.28:509][  0]LogPackFactory: Copied "../../../Samples/StarterContent/Content/StarterContent/Blueprints/Blueprint_Effect_Fire.uasset" to "T:/Documents/NECROMANCER/NecroMancer/Content/StarterContent/Blueprints/Blueprint_Effect_Fire.uasset"
[2016.11.11-18.17.28:525][  0]LogPackFactory: Copied "../../../Samples/StarterContent/Content/StarterContent/Blueprints/Blueprint_Effect_Smoke.uasset" to "T:/Documents/NECROMANCER/NecroMancer/Content/StarterContent/Blueprints/Blueprint_Effect_Smoke.uasset"
[2016.11.11-18.17.28:541][  0]LogPackFactory: Copied "../../../Samples/StarterContent/Content/StarterContent/Blueprints/Blueprint_Effect_Sparks.uasset" to "T:/Documents/NECROMANCER/NecroMancer/Content/StarterContent/Blueprints/Blueprint_Effect_Sparks.uasset"
[2016.11.11-18.17.28:557][  0]LogPackFactory: Copied "../../../Samples/StarterContent/Content/StarterContent/Blueprints/Blueprint_Effect_Steam.uasset" to "T:/Documents/NECROMANCER/NecroMancer/Content/StarterContent/Blueprints/Blueprint_Effect_Steam.uasset"
[2016.11.11-18.17.28:584][  0]LogPackFactory: Copied "../../../Samples/StarterContent/Content/StarterContent/Blueprints/Blueprint_WallSconce.uasset" to "T:/Documents/NECROMANCER/NecroMancer/Content/StarterContent/Blueprints/Blueprint_WallSconce.uasset"
[2016.11.11-18.17.28:628][  0]LogPackFactory: Copied "../../../Samples/StarterContent/Content/StarterContent/Blueprints/BP_LightStudio.uasset" to "T:/Documents/NECROMANCER/NecroMancer/Content/StarterContent/Blueprints/BP_LightStudio.uasset"
[2016.11.11-18.17.28:646][  0]LogPackFactory: Copied "../../../Samples/StarterContent/Content/StarterContent/Blueprints/Assets/FogBrightnessLUT.uasset" to "T:/Documents/NECROMANCER/NecroMancer/Content/StarterContent/Blueprints/Assets/FogBrightnessLUT.uasset"
[2016.11.11-18.17.28:666][  0]LogPackFactory: Copied "../../../Samples/StarterContent/Content/StarterContent/Blueprints/Assets/M_LightStage_Arrows.uasset" to "T:/Documents/NECROMANCER/NecroMancer/Content/StarterContent/Blueprints/Assets/M_LightStage_Arrows.uasset"
[2016.11.11-18.17.28:688][  0]LogPackFactory: Copied "../../../Samples/StarterContent/Content/StarterContent/Blueprints/Assets/M_LightStage_Skybox_Black.uasset" to "T:/Documents/NECROMANCER/NecroMancer/Content/StarterContent/Blueprints/Assets/M_LightStage_Skybox_Black.uasset"
[2016.11.11-18.17.28:712][  0]LogPackFactory: Copied "../../../Samples/StarterContent/Content/StarterContent/Blueprints/Assets/M_LightStage_Skybox_HDRI.uasset" to "T:/Documents/NECROMANCER/NecroMancer/Content/StarterContent/Blueprints/Assets/M_LightStage_Skybox_HDRI.uasset"
[2016.11.11-18.17.28:735][  0]LogPackFactory: Copied "../../../Samples/StarterContent/Content/StarterContent/Blueprints/Assets/M_LightStage_Skybox_Master.uasset" to "T:/Documents/NECROMANCER/NecroMancer/Content/StarterContent/Blueprints/Assets/M_LightStage_Skybox_Master.uasset"
[2016.11.11-18.17.28:807][  0]LogPackFactory: Copied "../../../Samples/StarterContent/Content/StarterContent/Blueprints/Assets/Skybox.uasset" to "T:/Documents/NECROMANCER/NecroMancer/Content/StarterContent/Blueprints/Assets/Skybox.uasset"
[2016.11.11-18.17.28:868][  0]LogPackFactory: Copied "../../../Samples/StarterContent/Content/StarterContent/Blueprints/Assets/SM_Arrows.uasset" to "T:/Documents/NECROMANCER/NecroMancer/Content/StarterContent/Blueprints/Assets/SM_Arrows.uasset"
[2016.11.11-18.17.28:885][  0]LogPackFactory: Copied "../../../Samples/StarterContent/Content/StarterContent/Blueprints/Assets/SunlightColorLUT.uasset" to "T:/Documents/NECROMANCER/NecroMancer/Content/StarterContent/Blueprints/Assets/SunlightColorLUT.uasset"
[2016.11.11-18.17.35:203][  0]LogPackFactory: Copied "../../../Samples/StarterContent/Content/StarterContent/HDRI/HDRI_Epic_Courtyard_Daylight.uasset" to "T:/Documents/NECROMANCER/NecroMancer/Content/StarterContent/HDRI/HDRI_Epic_Courtyard_Daylight.uasset"
[2016.11.11-18.17.35:237][  0]LogPackFactory: Copied "../../../Samples/StarterContent/Content/StarterContent/Maps/Advanced_Lighting.umap" to "T:/Documents/NECROMANCER/NecroMancer/Content/StarterContent/Maps/Advanced_Lighting.umap"
[2016.11.11-18.17.35:405][  0]LogPackFactory: Copied "../../../Samples/StarterContent/Content/StarterContent/Maps/Minimal_Default.umap" to "T:/Documents/NECROMANCER/NecroMancer/Content/StarterContent/Maps/Minimal_Default.umap"
[2016.11.11-18.17.37:568][  0]LogPackFactory: Copied "../../../Samples/StarterContent/Content/StarterContent/Maps/StarterMap.umap" to "T:/Documents/NECROMANCER/NecroMancer/Content/StarterContent/Maps/StarterMap.umap"
[2016.11.11-18.17.37:586][  0]LogPackFactory: Copied "../../../Samples/StarterContent/Content/StarterContent/Materials/M_AssetPlatform.uasset" to "T:/Documents/NECROMANCER/NecroMancer/Content/StarterContent/Materials/M_AssetPlatform.uasset"
[2016.11.11-18.17.37:602][  0]LogPackFactory: Copied "../../../Samples/StarterContent/Content/StarterContent/Materials/M_Basic_Floor.uasset" to "T:/Documents/NECROMANCER/NecroMancer/Content/StarterContent/Materials/M_Basic_Floor.uasset"
[2016.11.11-18.17.37:655][  0]LogPackFactory: Copied "../../../Samples/StarterContent/Content/StarterContent/Materials/M_Basic_Wall.uasset" to "T:/Documents/NECROMANCER/NecroMancer/Content/StarterContent/Materials/M_Basic_Wall.uasset"
[2016.11.11-18.17.37:677][  0]LogPackFactory: Copied "../../../Samples/StarterContent/Content/StarterContent/Materials/M_Brick_Clay_Beveled.uasset" to "T:/Documents/NECROMANCER/NecroMancer/Content/StarterContent/Materials/M_Brick_Clay_Beveled.uasset"
[2016.11.11-18.17.37:699][  0]LogPackFactory: Copied "../../../Samples/StarterContent/Content/StarterContent/Materials/M_Brick_Clay_New.uasset" to "T:/Documents/NECROMANCER/NecroMancer/Content/StarterContent/Materials/M_Brick_Clay_New.uasset"
[2016.11.11-18.17.37:724][  0]LogPackFactory: Copied "../../../Samples/StarterContent/Content/StarterContent/Materials/M_Brick_Clay_Old.uasset" to "T:/Documents/NECROMANCER/NecroMancer/Content/StarterContent/Materials/M_Brick_Clay_Old.uasset"
[2016.11.11-18.17.37:747][  0]LogPackFactory: Copied "../../../Samples/StarterContent/Content/StarterContent/Materials/M_Brick_Cut_Stone.uasset" to "T:/Documents/NECROMANCER/NecroMancer/Content/StarterContent/Materials/M_Brick_Cut_Stone.uasset"
[2016.11.11-18.17.37:768][  0]LogPackFactory: Copied "../../../Samples/StarterContent/Content/StarterContent/Materials/M_Brick_Hewn_Stone.uasset" to "T:/Documents/NECROMANCER/NecroMancer/Content/StarterContent/Materials/M_Brick_Hewn_Stone.uasset"
[2016.11.11-18.17.37:788][  0]LogPackFactory: Copied "../../../Samples/StarterContent/Content/StarterContent/Materials/M_Ceramic_Tile_Checker.uasset" to "T:/Documents/NECROMANCER/NecroMancer/Content/StarterContent/Materials/M_Ceramic_Tile_Checker.uasset"
[2016.11.11-18.17.37:811][  0]LogPackFactory: Copied "../../../Samples/StarterContent/Content/StarterContent/Materials/M_CobbleStone_Pebble.uasset" to "T:/Documents/NECROMANCER/NecroMancer/Content/StarterContent/Materials/M_CobbleStone_Pebble.uasset"
[2016.11.11-18.17.37:845][  0]LogPackFactory: Copied "../../../Samples/StarterContent/Content/StarterContent/Materials/M_CobbleStone_Rough.uasset" to "T:/Documents/NECROMANCER/NecroMancer/Content/StarterContent/Materials/M_CobbleStone_Rough.uasset"
[2016.11.11-18.17.37:879][  0]LogPackFactory: Copied "../../../Samples/StarterContent/Content/StarterContent/Materials/M_CobbleStone_Smooth.uasset" to "T:/Documents/NECROMANCER/NecroMancer/Content/StarterContent/Materials/M_CobbleStone_Smooth.uasset"
[2016.11.11-18.17.37:896][  0]LogPackFactory: Copied "../../../Samples/StarterContent/Content/StarterContent/Materials/M_ColorGrid_LowSpec.uasset" to "T:/Documents/NECROMANCER/NecroMancer/Content/StarterContent/Materials/M_ColorGrid_LowSpec.uasset"
[2016.11.11-18.17.37:919][  0]LogPackFactory: Copied "../../../Samples/StarterContent/Content/StarterContent/Materials/M_Concrete_Grime.uasset" to "T:/Documents/NECROMANCER/NecroMancer/Content/StarterContent/Materials/M_Concrete_Grime.uasset"
[2016.11.11-18.17.37:941][  0]LogPackFactory: Copied "../../../Samples/StarterContent/Content/StarterContent/Materials/M_Concrete_Panels.uasset" to "T:/Documents/NECROMANCER/NecroMancer/Content/StarterContent/Materials/M_Concrete_Panels.uasset"
[2016.11.11-18.17.37:964][  0]LogPackFactory: Copied "../../../Samples/StarterContent/Content/StarterContent/Materials/M_Concrete_Poured.uasset" to "T:/Documents/NECROMANCER/NecroMancer/Content/StarterContent/Materials/M_Concrete_Poured.uasset"
[2016.11.11-18.17.37:992][  0]LogPackFactory: Copied "../../../Samples/StarterContent/Content/StarterContent/Materials/M_Concrete_Tiles.uasset" to "T:/Documents/NECROMANCER/NecroMancer/Content/StarterContent/Materials/M_Concrete_Tiles.uasset"
[2016.11.11-18.17.38:014][  0]LogPackFactory: Copied "../../../Samples/StarterContent/Content/StarterContent/Materials/M_Glass.uasset" to "T:/Documents/NECROMANCER/NecroMancer/Content/StarterContent/Materials/M_Glass.uasset"
[2016.11.11-18.17.38:044][  0]LogPackFactory: Copied "../../../Samples/StarterContent/Content/StarterContent/Materials/M_Ground_Grass.uasset" to "T:/Documents/NECROMANCER/NecroMancer/Content/StarterContent/Materials/M_Ground_Grass.uasset"
[2016.11.11-18.17.38:072][  0]LogPackFactory: Copied "../../../Samples/StarterContent/Content/StarterContent/Materials/M_Ground_Gravel.uasset" to "T:/Documents/NECROMANCER/NecroMancer/Content/StarterContent/Materials/M_Ground_Gravel.uasset"
[2016.11.11-18.17.38:102][  0]LogPackFactory: Copied "../../../Samples/StarterContent/Content/StarterContent/Materials/M_Ground_Moss.uasset" to "T:/Documents/NECROMANCER/NecroMancer/Content/StarterContent/Materials/M_Ground_Moss.uasset"
[2016.11.11-18.17.38:126][  0]LogPackFactory: Copied "../../../Samples/StarterContent/Content/StarterContent/Materials/M_Metal_Brushed_Nickel.uasset" to "T:/Documents/NECROMANCER/NecroMancer/Content/StarterContent/Materials/M_Metal_Brushed_Nickel.uasset"
[2016.11.11-18.17.38:153][  0]LogPackFactory: Copied "../../../Samples/StarterContent/Content/StarterContent/Materials/M_Metal_Burnished_Steel.uasset" to "T:/Documents/NECROMANCER/NecroMancer/Content/StarterContent/Materials/M_Metal_Burnished_Steel.uasset"
[2016.11.11-18.17.38:176][  0]LogPackFactory: Copied "../../../Samples/StarterContent/Content/StarterContent/Materials/M_Metal_Chrome.uasset" to "T:/Documents/NECROMANCER/NecroMancer/Content/StarterContent/Materials/M_Metal_Chrome.uasset"
[2016.11.11-18.17.38:201][  0]LogPackFactory: Copied "../../../Samples/StarterContent/Content/StarterContent/Materials/M_Metal_Copper.uasset" to "T:/Documents/NECROMANCER/NecroMancer/Content/StarterContent/Materials/M_Metal_Copper.uasset"
[2016.11.11-18.17.38:243][  0]LogPackFactory: Copied "../../../Samples/StarterContent/Content/StarterContent/Materials/M_Metal_Gold.uasset" to "T:/Documents/NECROMANCER/NecroMancer/Content/StarterContent/Materials/M_Metal_Gold.uasset"
[2016.11.11-18.17.38:272][  0]LogPackFactory: Copied "../../../Samples/StarterContent/Content/StarterContent/Materials/M_Metal_Rust.uasset" to "T:/Documents/NECROMANCER/NecroMancer/Content/StarterContent/Materials/M_Metal_Rust.uasset"
[2016.11.11-18.17.38:299][  0]LogPackFactory: Copied "../../../Samples/StarterContent/Content/StarterContent/Materials/M_Metal_Steel.uasset" to "T:/Documents/NECROMANCER/NecroMancer/Content/StarterContent/Materials/M_Metal_Steel.uasset"
[2016.11.11-18.17.38:329][  0]LogPackFactory: Copied "../../../Samples/StarterContent/Content/StarterContent/Materials/M_Rock_Basalt.uasset" to "T:/Documents/NECROMANCER/NecroMancer/Content/StarterContent/Materials/M_Rock_Basalt.uasset"
[2016.11.11-18.17.38:359][  0]LogPackFactory: Copied "../../../Samples/StarterContent/Content/StarterContent/Materials/M_Rock_Marble_Polished.uasset" to "T:/Documents/NECROMANCER/NecroMancer/Content/StarterContent/Materials/M_Rock_Marble_Polished.uasset"
[2016.11.11-18.17.38:388][  0]LogPackFactory: Copied "../../../Samples/StarterContent/Content/StarterContent/Materials/M_Rock_Sandstone.uasset" to "T:/Documents/NECROMANCER/NecroMancer/Content/StarterContent/Materials/M_Rock_Sandstone.uasset"
[2016.11.11-18.17.38:417][  0]LogPackFactory: Copied "../../../Samples/StarterContent/Content/StarterContent/Materials/M_Rock_Slate.uasset" to "T:/Documents/NECROMANCER/NecroMancer/Content/StarterContent/Materials/M_Rock_Slate.uasset"
[2016.11.11-18.17.38:445][  0]LogPackFactory: Copied "../../../Samples/StarterContent/Content/StarterContent/Materials/M_Tech_Checker_Dot.uasset" to "T:/Documents/NECROMANCER/NecroMancer/Content/StarterContent/Materials/M_Tech_Checker_Dot.uasset"
[2016.11.11-18.17.38:473][  0]LogPackFactory: Copied "../../../Samples/StarterContent/Content/StarterContent/Materials/M_Tech_Hex_Tile.uasset" to "T:/Documents/NECROMANCER/NecroMancer/Content/StarterContent/Materials/M_Tech_Hex_Tile.uasset"
[2016.11.11-18.17.38:500][  0]LogPackFactory: Copied "../../../Samples/StarterContent/Content/StarterContent/Materials/M_Tech_Hex_Tile_Pulse.uasset" to "T:/Documents/NECROMANCER/NecroMancer/Content/StarterContent/Materials/M_Tech_Hex_Tile_Pulse.uasset"
[2016.11.11-18.17.38:526][  0]LogPackFactory: Copied "../../../Samples/StarterContent/Content/StarterContent/Materials/M_Tech_Panel.uasset" to "T:/Documents/NECROMANCER/NecroMancer/Content/StarterContent/Materials/M_Tech_Panel.uasset"
[2016.11.11-18.17.38:553][  0]LogPackFactory: Copied "../../../Samples/StarterContent/Content/StarterContent/Materials/M_Water_Lake.uasset" to "T:/Documents/NECROMANCER/NecroMancer/Content/StarterContent/Materials/M_Water_Lake.uasset"
[2016.11.11-18.17.38:580][  0]LogPackFactory: Copied "../../../Samples/StarterContent/Content/StarterContent/Materials/M_Water_Ocean.uasset" to "T:/Documents/NECROMANCER/NecroMancer/Content/StarterContent/Materials/M_Water_Ocean.uasset"
[2016.11.11-18.17.38:607][  0]LogPackFactory: Copied "../../../Samples/StarterContent/Content/StarterContent/Materials/M_Wood_Floor_Walnut_Polished.uasset" to "T:/Documents/NECROMANCER/NecroMancer/Content/StarterContent/Materials/M_Wood_Floor_Walnut_Polished.uasset"
[2016.11.11-18.17.38:635][  0]LogPackFactory: Copied "../../../Samples/StarterContent/Content/StarterContent/Materials/M_Wood_Floor_Walnut_Worn.uasset" to "T:/Documents/NECROMANCER/NecroMancer/Content/StarterContent/Materials/M_Wood_Floor_Walnut_Worn.uasset"
[2016.11.11-18.17.38:663][  0]LogPackFactory: Copied "../../../Samples/StarterContent/Content/StarterContent/Materials/M_Wood_Oak.uasset" to "T:/Documents/NECROMANCER/NecroMancer/Content/StarterContent/Materials/M_Wood_Oak.uasset"
[2016.11.11-18.17.38:689][  0]LogPackFactory: Copied "../../../Samples/StarterContent/Content/StarterContent/Materials/M_Wood_Pine.uasset" to "T:/Documents/NECROMANCER/NecroMancer/Content/StarterContent/Materials/M_Wood_Pine.uasset"
[2016.11.11-18.17.38:716][  0]LogPackFactory: Copied "../../../Samples/StarterContent/Content/StarterContent/Materials/M_Wood_Walnut.uasset" to "T:/Documents/NECROMANCER/NecroMancer/Content/StarterContent/Materials/M_Wood_Walnut.uasset"
[2016.11.11-18.17.38:735][  0]LogPackFactory: Copied "../../../Samples/StarterContent/Content/StarterContent/Particles/P_Ambient_Dust.uasset" to "T:/Documents/NECROMANCER/NecroMancer/Content/StarterContent/Particles/P_Ambient_Dust.uasset"
[2016.11.11-18.17.38:773][  0]LogPackFactory: Copied "../../../Samples/StarterContent/Content/StarterContent/Particles/P_Explosion.uasset" to "T:/Documents/NECROMANCER/NecroMancer/Content/StarterContent/Particles/P_Explosion.uasset"
[2016.11.11-18.17.38:821][  0]LogPackFactory: Copied "../../../Samples/StarterContent/Content/StarterContent/Particles/P_Fire.uasset" to "T:/Documents/NECROMANCER/NecroMancer/Content/StarterContent/Particles/P_Fire.uasset"
[2016.11.11-18.17.38:840][  0]LogPackFactory: Copied "../../../Samples/StarterContent/Content/StarterContent/Particles/P_Smoke.uasset" to "T:/Documents/NECROMANCER/NecroMancer/Content/StarterContent/Particles/P_Smoke.uasset"
[2016.11.11-18.17.38:868][  0]LogPackFactory: Copied "../../../Samples/StarterContent/Content/StarterContent/Particles/P_Sparks.uasset" to "T:/Documents/NECROMANCER/NecroMancer/Content/StarterContent/Particles/P_Sparks.uasset"
[2016.11.11-18.17.38:892][  0]LogPackFactory: Copied "../../../Samples/StarterContent/Content/StarterContent/Particles/P_Steam_Lit.uasset" to "T:/Documents/NECROMANCER/NecroMancer/Content/StarterContent/Particles/P_Steam_Lit.uasset"
[2016.11.11-18.17.38:912][  0]LogPackFactory: Copied "../../../Samples/StarterContent/Content/StarterContent/Particles/Materials/M_Burst.uasset" to "T:/Documents/NECROMANCER/NecroMancer/Content/StarterContent/Particles/Materials/M_Burst.uasset"
[2016.11.11-18.17.38:935][  0]LogPackFactory: Copied "../../../Samples/StarterContent/Content/StarterContent/Particles/Materials/M_Dust_Particle.uasset" to "T:/Documents/NECROMANCER/NecroMancer/Content/StarterContent/Particles/Materials/M_Dust_Particle.uasset"
[2016.11.11-18.17.38:969][  0]LogPackFactory: Copied "../../../Samples/StarterContent/Content/StarterContent/Particles/Materials/M_explosion_subUV.uasset" to "T:/Documents/NECROMANCER/NecroMancer/Content/StarterContent/Particles/Materials/M_explosion_subUV.uasset"
[2016.11.11-18.17.38:988][  0]LogPackFactory: Copied "../../../Samples/StarterContent/Content/StarterContent/Particles/Materials/M_Fire_SubUV.uasset" to "T:/Documents/NECROMANCER/NecroMancer/Content/StarterContent/Particles/Materials/M_Fire_SubUV.uasset"
[2016.11.11-18.17.39:003][  0]LogPackFactory: Copied "../../../Samples/StarterContent/Content/StarterContent/Particles/Materials/m_flare_01.uasset" to "T:/Documents/NECROMANCER/NecroMancer/Content/StarterContent/Particles/Materials/m_flare_01.uasset"
[2016.11.11-18.17.39:021][  0]LogPackFactory: Copied "../../../Samples/StarterContent/Content/StarterContent/Particles/Materials/M_Heat_Distortion.uasset" to "T:/Documents/NECROMANCER/NecroMancer/Content/StarterContent/Particles/Materials/M_Heat_Distortion.uasset"
[2016.11.11-18.17.39:035][  0]LogPackFactory: Copied "../../../Samples/StarterContent/Content/StarterContent/Particles/Materials/M_Radial_Gradient.uasset" to "T:/Documents/NECROMANCER/NecroMancer/Content/StarterContent/Particles/Materials/M_Radial_Gradient.uasset"
[2016.11.11-18.17.39:051][  0]LogPackFactory: Copied "../../../Samples/StarterContent/Content/StarterContent/Particles/Materials/M_radial_ramp.uasset" to "T:/Documents/NECROMANCER/NecroMancer/Content/StarterContent/Particles/Materials/M_radial_ramp.uasset"
[2016.11.11-18.17.39:072][  0]LogPackFactory: Copied "../../../Samples/StarterContent/Content/StarterContent/Particles/Materials/M_smoke_subUV.uasset" to "T:/Documents/NECROMANCER/NecroMancer/Content/StarterContent/Particles/Materials/M_smoke_subUV.uasset"
[2016.11.11-18.17.39:097][  0]LogPackFactory: Copied "../../../Samples/StarterContent/Content/StarterContent/Particles/Materials/M_Spark.uasset" to "T:/Documents/NECROMANCER/NecroMancer/Content/StarterContent/Particles/Materials/M_Spark.uasset"
[2016.11.11-18.17.39:128][  0]LogPackFactory: Copied "../../../Samples/StarterContent/Content/StarterContent/Props/MaterialSphere.uasset" to "T:/Documents/NECROMANCER/NecroMancer/Content/StarterContent/Props/MaterialSphere.uasset"
[2016.11.11-18.17.39:155][  0]LogPackFactory: Copied "../../../Samples/StarterContent/Content/StarterContent/Props/SM_Bush.uasset" to "T:/Documents/NECROMANCER/NecroMancer/Content/StarterContent/Props/SM_Bush.uasset"
[2016.11.11-18.17.39:206][  0]LogPackFactory: Copied "../../../Samples/StarterContent/Content/StarterContent/Props/SM_Chair.uasset" to "T:/Documents/NECROMANCER/NecroMancer/Content/StarterContent/Props/SM_Chair.uasset"
[2016.11.11-18.17.39:229][  0]LogPackFactory: Copied "../../../Samples/StarterContent/Content/StarterContent/Props/SM_CornerFrame.uasset" to "T:/Documents/NECROMANCER/NecroMancer/Content/StarterContent/Props/SM_CornerFrame.uasset"
[2016.11.11-18.17.39:265][  0]LogPackFactory: Copied "../../../Samples/StarterContent/Content/StarterContent/Props/SM_Couch.uasset" to "T:/Documents/NECROMANCER/NecroMancer/Content/StarterContent/Props/SM_Couch.uasset"
[2016.11.11-18.17.39:295][  0]LogPackFactory: Copied "../../../Samples/StarterContent/Content/StarterContent/Props/SM_Door.uasset" to "T:/Documents/NECROMANCER/NecroMancer/Content/StarterContent/Props/SM_Door.uasset"
[2016.11.11-18.17.39:313][  0]LogPackFactory: Copied "../../../Samples/StarterContent/Content/StarterContent/Props/SM_DoorFrame.uasset" to "T:/Documents/NECROMANCER/NecroMancer/Content/StarterContent/Props/SM_DoorFrame.uasset"
[2016.11.11-18.17.39:336][  0]LogPackFactory: Copied "../../../Samples/StarterContent/Content/StarterContent/Props/SM_GlassWindow.uasset" to "T:/Documents/NECROMANCER/NecroMancer/Content/StarterContent/Props/SM_GlassWindow.uasset"
[2016.11.11-18.17.39:377][  0]LogPackFactory: Copied "../../../Samples/StarterContent/Content/StarterContent/Props/SM_Lamp_Ceiling.uasset" to "T:/Documents/NECROMANCER/NecroMancer/Content/StarterContent/Props/SM_Lamp_Ceiling.uasset"
[2016.11.11-18.17.39:403][  0]LogPackFactory: Copied "../../../Samples/StarterContent/Content/StarterContent/Props/SM_Lamp_Wall.uasset" to "T:/Documents/NECROMANCER/NecroMancer/Content/StarterContent/Props/SM_Lamp_Wall.uasset"
[2016.11.11-18.17.39:628][  0]LogPackFactory: Copied "../../../Samples/StarterContent/Content/StarterContent/Props/SM_MatPreviewMesh_02.uasset" to "T:/Documents/NECROMANCER/NecroMancer/Content/StarterContent/Props/SM_MatPreviewMesh_02.uasset"
[2016.11.11-18.17.39:653][  0]LogPackFactory: Copied "../../../Samples/StarterContent/Content/StarterContent/Props/SM_PillarFrame.uasset" to "T:/Documents/NECROMANCER/NecroMancer/Content/StarterContent/Props/SM_PillarFrame.uasset"
[2016.11.11-18.17.39:678][  0]LogPackFactory: Copied "../../../Samples/StarterContent/Content/StarterContent/Props/SM_PillarFrame300.uasset" to "T:/Documents/NECROMANCER/NecroMancer/Content/StarterContent/Props/SM_PillarFrame300.uasset"
[2016.11.11-18.17.39:707][  0]LogPackFactory: Copied "../../../Samples/StarterContent/Content/StarterContent/Props/SM_Rock.uasset" to "T:/Documents/NECROMANCER/NecroMancer/Content/StarterContent/Props/SM_Rock.uasset"
[2016.11.11-18.17.39:731][  0]LogPackFactory: Copied "../../../Samples/StarterContent/Content/StarterContent/Props/SM_Shelf.uasset" to "T:/Documents/NECROMANCER/NecroMancer/Content/StarterContent/Props/SM_Shelf.uasset"
[2016.11.11-18.17.39:751][  0]LogPackFactory: Copied "../../../Samples/StarterContent/Content/StarterContent/Props/SM_Stairs.uasset" to "T:/Documents/NECROMANCER/NecroMancer/Content/StarterContent/Props/SM_Stairs.uasset"
[2016.11.11-18.17.39:812][  0]LogPackFactory: Copied "../../../Samples/StarterContent/Content/StarterContent/Props/SM_Statue.uasset" to "T:/Documents/NECROMANCER/NecroMancer/Content/StarterContent/Props/SM_Statue.uasset"
[2016.11.11-18.17.39:872][  0]LogPackFactory: Copied "../../../Samples/StarterContent/Content/StarterContent/Props/SM_TableRound.uasset" to "T:/Documents/NECROMANCER/NecroMancer/Content/StarterContent/Props/SM_TableRound.uasset"
[2016.11.11-18.17.39:892][  0]LogPackFactory: Copied "../../../Samples/StarterContent/Content/StarterContent/Props/SM_WindowFrame.uasset" to "T:/Documents/NECROMANCER/NecroMancer/Content/StarterContent/Props/SM_WindowFrame.uasset"
[2016.11.11-18.17.39:918][  0]LogPackFactory: Copied "../../../Samples/StarterContent/Content/StarterContent/Props/Materials/M_Bush.uasset" to "T:/Documents/NECROMANCER/NecroMancer/Content/StarterContent/Props/Materials/M_Bush.uasset"
[2016.11.11-18.17.39:942][  0]LogPackFactory: Copied "../../../Samples/StarterContent/Content/StarterContent/Props/Materials/M_Chair.uasset" to "T:/Documents/NECROMANCER/NecroMancer/Content/StarterContent/Props/Materials/M_Chair.uasset"
[2016.11.11-18.17.39:986][  0]LogPackFactory: Copied "../../../Samples/StarterContent/Content/StarterContent/Props/Materials/M_Door.uasset" to "T:/Documents/NECROMANCER/NecroMancer/Content/StarterContent/Props/Materials/M_Door.uasset"
[2016.11.11-18.17.40:011][  0]LogPackFactory: Copied "../../../Samples/StarterContent/Content/StarterContent/Props/Materials/M_Frame.uasset" to "T:/Documents/NECROMANCER/NecroMancer/Content/StarterContent/Props/Materials/M_Frame.uasset"
[2016.11.11-18.17.40:038][  0]LogPackFactory: Copied "../../../Samples/StarterContent/Content/StarterContent/Props/Materials/M_Lamp.uasset" to "T:/Documents/NECROMANCER/NecroMancer/Content/StarterContent/Props/Materials/M_Lamp.uasset"
[2016.11.11-18.17.40:059][  0]LogPackFactory: Copied "../../../Samples/StarterContent/Content/StarterContent/Props/Materials/M_MaterialSphere.uasset" to "T:/Documents/NECROMANCER/NecroMancer/Content/StarterContent/Props/Materials/M_MaterialSphere.uasset"
[2016.11.11-18.17.40:080][  0]LogPackFactory: Copied "../../../Samples/StarterContent/Content/StarterContent/Props/Materials/M_MaterialSphere_Plain.uasset" to "T:/Documents/NECROMANCER/NecroMancer/Content/StarterContent/Props/Materials/M_MaterialSphere_Plain.uasset"
[2016.11.11-18.17.40:106][  0]LogPackFactory: Copied "../../../Samples/StarterContent/Content/StarterContent/Props/Materials/M_Rock.uasset" to "T:/Documents/NECROMANCER/NecroMancer/Content/StarterContent/Props/Materials/M_Rock.uasset"
[2016.11.11-18.17.40:128][  0]LogPackFactory: Copied "../../../Samples/StarterContent/Content/StarterContent/Props/Materials/M_Shelf.uasset" to "T:/Documents/NECROMANCER/NecroMancer/Content/StarterContent/Props/Materials/M_Shelf.uasset"
[2016.11.11-18.17.40:153][  0]LogPackFactory: Copied "../../../Samples/StarterContent/Content/StarterContent/Props/Materials/M_Statue.uasset" to "T:/Documents/NECROMANCER/NecroMancer/Content/StarterContent/Props/Materials/M_Statue.uasset"
[2016.11.11-18.17.40:179][  0]LogPackFactory: Copied "../../../Samples/StarterContent/Content/StarterContent/Props/Materials/M_StatueGlass.uasset" to "T:/Documents/NECROMANCER/NecroMancer/Content/StarterContent/Props/Materials/M_StatueGlass.uasset"
[2016.11.11-18.17.40:206][  0]LogPackFactory: Copied "../../../Samples/StarterContent/Content/StarterContent/Props/Materials/M_TableRound.uasset" to "T:/Documents/NECROMANCER/NecroMancer/Content/StarterContent/Props/Materials/M_TableRound.uasset"
[2016.11.11-18.17.40:230][  0]LogPackFactory: Copied "../../../Samples/StarterContent/Content/StarterContent/Shapes/Shape_Cone.uasset" to "T:/Documents/NECROMANCER/NecroMancer/Content/StarterContent/Shapes/Shape_Cone.uasset"
[2016.11.11-18.17.40:247][  0]LogPackFactory: Copied "../../../Samples/StarterContent/Content/StarterContent/Shapes/Shape_Cube.uasset" to "T:/Documents/NECROMANCER/NecroMancer/Content/StarterContent/Shapes/Shape_Cube.uasset"
[2016.11.11-18.17.40:279][  0]LogPackFactory: Copied "../../../Samples/StarterContent/Content/StarterContent/Shapes/Shape_Cylinder.uasset" to "T:/Documents/NECROMANCER/NecroMancer/Content/StarterContent/Shapes/Shape_Cylinder.uasset"
[2016.11.11-18.17.40:311][  0]LogPackFactory: Copied "../../../Samples/StarterContent/Content/StarterContent/Shapes/Shape_NarrowCapsule.uasset" to "T:/Documents/NECROMANCER/NecroMancer/Content/StarterContent/Shapes/Shape_NarrowCapsule.uasset"
[2016.11.11-18.17.40:332][  0]LogPackFactory: Copied "../../../Samples/StarterContent/Content/StarterContent/Shapes/Shape_Pipe.uasset" to "T:/Documents/NECROMANCER/NecroMancer/Content/StarterContent/Shapes/Shape_Pipe.uasset"
[2016.11.11-18.17.40:363][  0]LogPackFactory: Copied "../../../Samples/StarterContent/Content/StarterContent/Shapes/Shape_Pipe_180.uasset" to "T:/Documents/NECROMANCER/NecroMancer/Content/StarterContent/Shapes/Shape_Pipe_180.uasset"
[2016.11.11-18.17.40:389][  0]LogPackFactory: Copied "../../../Samples/StarterContent/Content/StarterContent/Shapes/Shape_Pipe_90.uasset" to "T:/Documents/NECROMANCER/NecroMancer/Content/StarterContent/Shapes/Shape_Pipe_90.uasset"
[2016.11.11-18.17.40:407][  0]LogPackFactory: Copied "../../../Samples/StarterContent/Content/StarterContent/Shapes/Shape_Plane.uasset" to "T:/Documents/NECROMANCER/NecroMancer/Content/StarterContent/Shapes/Shape_Plane.uasset"
[2016.11.11-18.17.40:426][  0]LogPackFactory: Copied "../../../Samples/StarterContent/Content/StarterContent/Shapes/Shape_QuadPyramid.uasset" to "T:/Documents/NECROMANCER/NecroMancer/Content/StarterContent/Shapes/Shape_QuadPyramid.uasset"
[2016.11.11-18.17.40:463][  0]LogPackFactory: Copied "../../../Samples/StarterContent/Content/StarterContent/Shapes/Shape_Sphere.uasset" to "T:/Documents/NECROMANCER/NecroMancer/Content/StarterContent/Shapes/Shape_Sphere.uasset"
[2016.11.11-18.17.40:525][  0]LogPackFactory: Copied "../../../Samples/StarterContent/Content/StarterContent/Shapes/Shape_Torus.uasset" to "T:/Documents/NECROMANCER/NecroMancer/Content/StarterContent/Shapes/Shape_Torus.uasset"
[2016.11.11-18.17.40:545][  0]LogPackFactory: Copied "../../../Samples/StarterContent/Content/StarterContent/Shapes/Shape_Trim.uasset" to "T:/Documents/NECROMANCER/NecroMancer/Content/StarterContent/Shapes/Shape_Trim.uasset"
[2016.11.11-18.17.40:566][  0]LogPackFactory: Copied "../../../Samples/StarterContent/Content/StarterContent/Shapes/Shape_Trim_90_In.uasset" to "T:/Documents/NECROMANCER/NecroMancer/Content/StarterContent/Shapes/Shape_Trim_90_In.uasset"
[2016.11.11-18.17.40:586][  0]LogPackFactory: Copied "../../../Samples/StarterContent/Content/StarterContent/Shapes/Shape_Trim_90_Out.uasset" to "T:/Documents/NECROMANCER/NecroMancer/Content/StarterContent/Shapes/Shape_Trim_90_Out.uasset"
[2016.11.11-18.17.40:604][  0]LogPackFactory: Copied "../../../Samples/StarterContent/Content/StarterContent/Shapes/Shape_TriPyramid.uasset" to "T:/Documents/NECROMANCER/NecroMancer/Content/StarterContent/Shapes/Shape_TriPyramid.uasset"
[2016.11.11-18.17.40:635][  0]LogPackFactory: Copied "../../../Samples/StarterContent/Content/StarterContent/Shapes/Shape_Tube.uasset" to "T:/Documents/NECROMANCER/NecroMancer/Content/StarterContent/Shapes/Shape_Tube.uasset"
[2016.11.11-18.17.40:653][  0]LogPackFactory: Copied "../../../Samples/StarterContent/Content/StarterContent/Shapes/Shape_Wedge_A.uasset" to "T:/Documents/NECROMANCER/NecroMancer/Content/StarterContent/Shapes/Shape_Wedge_A.uasset"
[2016.11.11-18.17.40:671][  0]LogPackFactory: Copied "../../../Samples/StarterContent/Content/StarterContent/Shapes/Shape_Wedge_B.uasset" to "T:/Documents/NECROMANCER/NecroMancer/Content/StarterContent/Shapes/Shape_Wedge_B.uasset"
[2016.11.11-18.17.40:698][  0]LogPackFactory: Copied "../../../Samples/StarterContent/Content/StarterContent/Shapes/Shape_WideCapsule.uasset" to "T:/Documents/NECROMANCER/NecroMancer/Content/StarterContent/Shapes/Shape_WideCapsule.uasset"
[2016.11.11-18.17.41:379][  0]LogPackFactory: Copied "../../../Samples/StarterContent/Content/StarterContent/Textures/T_Brick_Clay_Beveled_D.uasset" to "T:/Documents/NECROMANCER/NecroMancer/Content/StarterContent/Textures/T_Brick_Clay_Beveled_D.uasset"
[2016.11.11-18.17.42:121][  0]LogPackFactory: Copied "../../../Samples/StarterContent/Content/StarterContent/Textures/T_Brick_Clay_Beveled_M.uasset" to "T:/Documents/NECROMANCER/NecroMancer/Content/StarterContent/Textures/T_Brick_Clay_Beveled_M.uasset"
[2016.11.11-18.17.44:132][  0]LogPackFactory: Copied "../../../Samples/StarterContent/Content/StarterContent/Textures/T_Brick_Clay_Beveled_N.uasset" to "T:/Documents/NECROMANCER/NecroMancer/Content/StarterContent/Textures/T_Brick_Clay_Beveled_N.uasset"
[2016.11.11-18.17.44:671][  0]LogPackFactory: Copied "../../../Samples/StarterContent/Content/StarterContent/Textures/T_Brick_Clay_New_D.uasset" to "T:/Documents/NECROMANCER/NecroMancer/Content/StarterContent/Textures/T_Brick_Clay_New_D.uasset"
[2016.11.11-18.17.45:489][  0]LogPackFactory: Copied "../../../Samples/StarterContent/Content/StarterContent/Textures/T_Brick_Clay_New_M.uasset" to "T:/Documents/NECROMANCER/NecroMancer/Content/StarterContent/Textures/T_Brick_Clay_New_M.uasset"
[2016.11.11-18.17.46:187][  0]LogPackFactory: Copied "../../../Samples/StarterContent/Content/StarterContent/Textures/T_Brick_Clay_New_N.uasset" to "T:/Documents/NECROMANCER/NecroMancer/Content/StarterContent/Textures/T_Brick_Clay_New_N.uasset"
[2016.11.11-18.17.47:196][  0]LogPackFactory: Copied "../../../Samples/StarterContent/Content/StarterContent/Textures/T_Brick_Clay_Old_D.uasset" to "T:/Documents/NECROMANCER/NecroMancer/Content/StarterContent/Textures/T_Brick_Clay_Old_D.uasset"
[2016.11.11-18.17.47:889][  0]LogPackFactory: Copied "../../../Samples/StarterContent/Content/StarterContent/Textures/T_Brick_Clay_Old_N.uasset" to "T:/Documents/NECROMANCER/NecroMancer/Content/StarterContent/Textures/T_Brick_Clay_Old_N.uasset"
[2016.11.11-18.17.49:069][  0]LogPackFactory: Copied "../../../Samples/StarterContent/Content/StarterContent/Textures/T_Brick_Cut_Stone_D.uasset" to "T:/Documents/NECROMANCER/NecroMancer/Content/StarterContent/Textures/T_Brick_Cut_Stone_D.uasset"
[2016.11.11-18.17.49:664][  0]LogPackFactory: Copied "../../../Samples/StarterContent/Content/StarterContent/Textures/T_Brick_Cut_Stone_N.uasset" to "T:/Documents/NECROMANCER/NecroMancer/Content/StarterContent/Textures/T_Brick_Cut_Stone_N.uasset"
[2016.11.11-18.17.50:424][  0]LogPackFactory: Copied "../../../Samples/StarterContent/Content/StarterContent/Textures/T_Brick_Hewn_Stone_D.uasset" to "T:/Documents/NECROMANCER/NecroMancer/Content/StarterContent/Textures/T_Brick_Hewn_Stone_D.uasset"
[2016.11.11-18.17.51:031][  0]LogPackFactory: Copied "../../../Samples/StarterContent/Content/StarterContent/Textures/T_Brick_Hewn_Stone_M.uasset" to "T:/Documents/NECROMANCER/NecroMancer/Content/StarterContent/Textures/T_Brick_Hewn_Stone_M.uasset"
[2016.11.11-18.17.51:830][  0]LogPackFactory: Copied "../../../Samples/StarterContent/Content/StarterContent/Textures/T_Brick_Hewn_Stone_N.uasset" to "T:/Documents/NECROMANCER/NecroMancer/Content/StarterContent/Textures/T_Brick_Hewn_Stone_N.uasset"
[2016.11.11-18.17.51:864][  0]LogPackFactory: Copied "../../../Samples/StarterContent/Content/StarterContent/Textures/T_Burst_M.uasset" to "T:/Documents/NECROMANCER/NecroMancer/Content/StarterContent/Textures/T_Burst_M.uasset"
[2016.11.11-18.17.51:925][  0]LogPackFactory: Copied "../../../Samples/StarterContent/Content/StarterContent/Textures/T_Bush_D.uasset" to "T:/Documents/NECROMANCER/NecroMancer/Content/StarterContent/Textures/T_Bush_D.uasset"
[2016.11.11-18.17.51:973][  0]LogPackFactory: Copied "../../../Samples/StarterContent/Content/StarterContent/Textures/T_Bush_N.uasset" to "T:/Documents/NECROMANCER/NecroMancer/Content/StarterContent/Textures/T_Bush_N.uasset"
[2016.11.11-18.17.52:025][  0]LogPackFactory: Copied "../../../Samples/StarterContent/Content/StarterContent/Textures/T_Ceramic_Tile_M.uasset" to "T:/Documents/NECROMANCER/NecroMancer/Content/StarterContent/Textures/T_Ceramic_Tile_M.uasset"
[2016.11.11-18.17.52:058][  0]LogPackFactory: Copied "../../../Samples/StarterContent/Content/StarterContent/Textures/T_Ceramic_Tile_N.uasset" to "T:/Documents/NECROMANCER/NecroMancer/Content/StarterContent/Textures/T_Ceramic_Tile_N.uasset"
[2016.11.11-18.17.52:122][  0]LogPackFactory: Copied "../../../Samples/StarterContent/Content/StarterContent/Textures/T_Chair_M.uasset" to "T:/Documents/NECROMANCER/NecroMancer/Content/StarterContent/Textures/T_Chair_M.uasset"
[2016.11.11-18.17.52:304][  0]LogPackFactory: Copied "../../../Samples/StarterContent/Content/StarterContent/Textures/T_Chair_N.uasset" to "T:/Documents/NECROMANCER/NecroMancer/Content/StarterContent/Textures/T_Chair_N.uasset"
[2016.11.11-18.17.52:332][  0]LogPackFactory: Copied "../../../Samples/StarterContent/Content/StarterContent/Textures/T_Checker_Noise_M.uasset" to "T:/Documents/NECROMANCER/NecroMancer/Content/StarterContent/Textures/T_Checker_Noise_M.uasset"
[2016.11.11-18.17.53:375][  0]LogPackFactory: Copied "../../../Samples/StarterContent/Content/StarterContent/Textures/T_CobbleStone_Pebble_D.uasset" to "T:/Documents/NECROMANCER/NecroMancer/Content/StarterContent/Textures/T_CobbleStone_Pebble_D.uasset"
[2016.11.11-18.17.53:505][  0]LogPackFactory: Copied "../../../Samples/StarterContent/Content/StarterContent/Textures/T_CobbleStone_Pebble_M.uasset" to "T:/Documents/NECROMANCER/NecroMancer/Content/StarterContent/Textures/T_CobbleStone_Pebble_M.uasset"
[2016.11.11-18.17.54:559][  0]LogPackFactory: Copied "../../../Samples/StarterContent/Content/StarterContent/Textures/T_CobbleStone_Pebble_N.uasset" to "T:/Documents/NECROMANCER/NecroMancer/Content/StarterContent/Textures/T_CobbleStone_Pebble_N.uasset"
[2016.11.11-18.17.55:575][  0]LogPackFactory: Copied "../../../Samples/StarterContent/Content/StarterContent/Textures/T_CobbleStone_Rough_D.uasset" to "T:/Documents/NECROMANCER/NecroMancer/Content/StarterContent/Textures/T_CobbleStone_Rough_D.uasset"
[2016.11.11-18.17.55:830][  0]LogPackFactory: Copied "../../../Samples/StarterContent/Content/StarterContent/Textures/T_CobbleStone_Rough_N.uasset" to "T:/Documents/NECROMANCER/NecroMancer/Content/StarterContent/Textures/T_CobbleStone_Rough_N.uasset"
[2016.11.11-18.17.56:429][  0]LogPackFactory: Copied "../../../Samples/StarterContent/Content/StarterContent/Textures/T_CobbleStone_Smooth_D.uasset" to "T:/Documents/NECROMANCER/NecroMancer/Content/StarterContent/Textures/T_CobbleStone_Smooth_D.uasset"
[2016.11.11-18.17.56:941][  0]LogPackFactory: Copied "../../../Samples/StarterContent/Content/StarterContent/Textures/T_CobbleStone_Smooth_M.uasset" to "T:/Documents/NECROMANCER/NecroMancer/Content/StarterContent/Textures/T_CobbleStone_Smooth_M.uasset"
[2016.11.11-18.17.57:723][  0]LogPackFactory: Copied "../../../Samples/StarterContent/Content/StarterContent/Textures/T_CobbleStone_Smooth_N.uasset" to "T:/Documents/NECROMANCER/NecroMancer/Content/StarterContent/Textures/T_CobbleStone_Smooth_N.uasset"
[2016.11.11-18.17.58:668][  0]LogPackFactory: Copied "../../../Samples/StarterContent/Content/StarterContent/Textures/T_Concrete_Grime_D.uasset" to "T:/Documents/NECROMANCER/NecroMancer/Content/StarterContent/Textures/T_Concrete_Grime_D.uasset"
[2016.11.11-18.17.59:429][  0]LogPackFactory: Copied "../../../Samples/StarterContent/Content/StarterContent/Textures/T_Concrete_Panels_D.uasset" to "T:/Documents/NECROMANCER/NecroMancer/Content/StarterContent/Textures/T_Concrete_Panels_D.uasset"
[2016.11.11-18.18.00:014][  0]LogPackFactory: Copied "../../../Samples/StarterContent/Content/StarterContent/Textures/T_Concrete_Panels_N.uasset" to "T:/Documents/NECROMANCER/NecroMancer/Content/StarterContent/Textures/T_Concrete_Panels_N.uasset"
[2016.11.11-18.18.01:039][  0]LogPackFactory: Copied "../../../Samples/StarterContent/Content/StarterContent/Textures/T_Concrete_Poured_D.uasset" to "T:/Documents/NECROMANCER/NecroMancer/Content/StarterContent/Textures/T_Concrete_Poured_D.uasset"
[2016.11.11-18.18.01:710][  0]LogPackFactory: Copied "../../../Samples/StarterContent/Content/StarterContent/Textures/T_Concrete_Poured_N.uasset" to "T:/Documents/NECROMANCER/NecroMancer/Content/StarterContent/Textures/T_Concrete_Poured_N.uasset"
[2016.11.11-18.18.02:156][  0]LogPackFactory: Copied "../../../Samples/StarterContent/Content/StarterContent/Textures/T_Concrete_Tiles_D.uasset" to "T:/Documents/NECROMANCER/NecroMancer/Content/StarterContent/Textures/T_Concrete_Tiles_D.uasset"
[2016.11.11-18.18.02:672][  0]LogPackFactory: Copied "../../../Samples/StarterContent/Content/StarterContent/Textures/T_Concrete_Tiles_M.uasset" to "T:/Documents/NECROMANCER/NecroMancer/Content/StarterContent/Textures/T_Concrete_Tiles_M.uasset"
[2016.11.11-18.18.03:263][  0]LogPackFactory: Copied "../../../Samples/StarterContent/Content/StarterContent/Textures/T_Concrete_Tiles_N.uasset" to "T:/Documents/NECROMANCER/NecroMancer/Content/StarterContent/Textures/T_Concrete_Tiles_N.uasset"
[2016.11.11-18.18.03:278][  0]LogPackFactory: Copied "../../../Samples/StarterContent/Content/StarterContent/Textures/T_Concrete_Tiles_Variation_M.uasset" to "T:/Documents/NECROMANCER/NecroMancer/Content/StarterContent/Textures/T_Concrete_Tiles_Variation_M.uasset"
[2016.11.11-18.18.03:539][  0]LogPackFactory: Copied "../../../Samples/StarterContent/Content/StarterContent/Textures/T_Detail_Rocky_N.uasset" to "T:/Documents/NECROMANCER/NecroMancer/Content/StarterContent/Textures/T_Detail_Rocky_N.uasset"
[2016.11.11-18.18.03:601][  0]LogPackFactory: Copied "../../../Samples/StarterContent/Content/StarterContent/Textures/T_Door_M.uasset" to "T:/Documents/NECROMANCER/NecroMancer/Content/StarterContent/Textures/T_Door_M.uasset"
[2016.11.11-18.18.03:710][  0]LogPackFactory: Copied "../../../Samples/StarterContent/Content/StarterContent/Textures/T_Door_N.uasset" to "T:/Documents/NECROMANCER/NecroMancer/Content/StarterContent/Textures/T_Door_N.uasset"
[2016.11.11-18.18.03:737][  0]LogPackFactory: Copied "../../../Samples/StarterContent/Content/StarterContent/Textures/T_Dust_Particle_D.uasset" to "T:/Documents/NECROMANCER/NecroMancer/Content/StarterContent/Textures/T_Dust_Particle_D.uasset"
[2016.11.11-18.18.04:012][  0]LogPackFactory: Copied "../../../Samples/StarterContent/Content/StarterContent/Textures/T_Explosion_SubUV.uasset" to "T:/Documents/NECROMANCER/NecroMancer/Content/StarterContent/Textures/T_Explosion_SubUV.uasset"
[2016.11.11-18.18.04:073][  0]LogPackFactory: Copied "../../../Samples/StarterContent/Content/StarterContent/Textures/T_Fire_SubUV.uasset" to "T:/Documents/NECROMANCER/NecroMancer/Content/StarterContent/Textures/T_Fire_SubUV.uasset"
[2016.11.11-18.18.05:277][  0]LogPackFactory: Copied "../../../Samples/StarterContent/Content/StarterContent/Textures/T_Fire_Tiled_D.uasset" to "T:/Documents/NECROMANCER/NecroMancer/Content/StarterContent/Textures/T_Fire_Tiled_D.uasset"
[2016.11.11-18.18.05:338][  0]LogPackFactory: Copied "../../../Samples/StarterContent/Content/StarterContent/Textures/T_Frame_M.uasset" to "T:/Documents/NECROMANCER/NecroMancer/Content/StarterContent/Textures/T_Frame_M.uasset"
[2016.11.11-18.18.05:460][  0]LogPackFactory: Copied "../../../Samples/StarterContent/Content/StarterContent/Textures/T_Frame_N.uasset" to "T:/Documents/NECROMANCER/NecroMancer/Content/StarterContent/Textures/T_Frame_N.uasset"
[2016.11.11-18.18.05:473][  0]LogPackFactory: Copied "../../../Samples/StarterContent/Content/StarterContent/Textures/T_Gradinet_01.uasset" to "T:/Documents/NECROMANCER/NecroMancer/Content/StarterContent/Textures/T_Gradinet_01.uasset"
[2016.11.11-18.18.06:527][  0]LogPackFactory: Copied "../../../Samples/StarterContent/Content/StarterContent/Textures/T_Ground_Grass_D.uasset" to "T:/Documents/NECROMANCER/NecroMancer/Content/StarterContent/Textures/T_Ground_Grass_D.uasset"
[2016.11.11-18.18.07:552][  0]LogPackFactory: Copied "../../../Samples/StarterContent/Content/StarterContent/Textures/T_Ground_Grass_N.uasset" to "T:/Documents/NECROMANCER/NecroMancer/Content/StarterContent/Textures/T_Ground_Grass_N.uasset"
[2016.11.11-18.18.08:491][  0]LogPackFactory: Copied "../../../Samples/StarterContent/Content/StarterContent/Textures/T_Ground_Gravel_D.uasset" to "T:/Documents/NECROMANCER/NecroMancer/Content/StarterContent/Textures/T_Ground_Gravel_D.uasset"
[2016.11.11-18.18.09:154][  0]LogPackFactory: Copied "../../../Samples/StarterContent/Content/StarterContent/Textures/T_Ground_Gravel_N.uasset" to "T:/Documents/NECROMANCER/NecroMancer/Content/StarterContent/Textures/T_Ground_Gravel_N.uasset"
[2016.11.11-18.18.10:304][  0]LogPackFactory: Copied "../../../Samples/StarterContent/Content/StarterContent/Textures/T_ground_Moss_D.uasset" to "T:/Documents/NECROMANCER/NecroMancer/Content/StarterContent/Textures/T_ground_Moss_D.uasset"
[2016.11.11-18.18.11:063][  0]LogPackFactory: Copied "../../../Samples/StarterContent/Content/StarterContent/Textures/T_Ground_Moss_N.uasset" to "T:/Documents/NECROMANCER/NecroMancer/Content/StarterContent/Textures/T_Ground_Moss_N.uasset"
[2016.11.11-18.18.11:147][  0]LogPackFactory: Copied "../../../Samples/StarterContent/Content/StarterContent/Textures/T_Lamp_M.uasset" to "T:/Documents/NECROMANCER/NecroMancer/Content/StarterContent/Textures/T_Lamp_M.uasset"
[2016.11.11-18.18.11:341][  0]LogPackFactory: Copied "../../../Samples/StarterContent/Content/StarterContent/Textures/T_Lamp_N.uasset" to "T:/Documents/NECROMANCER/NecroMancer/Content/StarterContent/Textures/T_Lamp_N.uasset"
[2016.11.11-18.18.12:793][  0]LogPackFactory: Copied "../../../Samples/StarterContent/Content/StarterContent/Textures/T_MacroVariation.uasset" to "T:/Documents/NECROMANCER/NecroMancer/Content/StarterContent/Textures/T_MacroVariation.uasset"
[2016.11.11-18.18.13:653][  0]LogPackFactory: Copied "../../../Samples/StarterContent/Content/StarterContent/Textures/T_Metal_Aluminum_D.uasset" to "T:/Documents/NECROMANCER/NecroMancer/Content/StarterContent/Textures/T_Metal_Aluminum_D.uasset"
[2016.11.11-18.18.14:438][  0]LogPackFactory: Copied "../../../Samples/StarterContent/Content/StarterContent/Textures/T_Metal_Copper_D.uasset" to "T:/Documents/NECROMANCER/NecroMancer/Content/StarterContent/Textures/T_Metal_Copper_D.uasset"
[2016.11.11-18.18.15:222][  0]LogPackFactory: Copied "../../../Samples/StarterContent/Content/StarterContent/Textures/T_Metal_Gold_D.uasset" to "T:/Documents/NECROMANCER/NecroMancer/Content/StarterContent/Textures/T_Metal_Gold_D.uasset"
[2016.11.11-18.18.15:484][  0]LogPackFactory: Copied "../../../Samples/StarterContent/Content/StarterContent/Textures/T_Metal_Gold_N.uasset" to "T:/Documents/NECROMANCER/NecroMancer/Content/StarterContent/Textures/T_Metal_Gold_N.uasset"
[2016.11.11-18.18.16:309][  0]LogPackFactory: Copied "../../../Samples/StarterContent/Content/StarterContent/Textures/T_Metal_Rust_D.uasset" to "T:/Documents/NECROMANCER/NecroMancer/Content/StarterContent/Textures/T_Metal_Rust_D.uasset"
[2016.11.11-18.18.16:978][  0]LogPackFactory: Copied "../../../Samples/StarterContent/Content/StarterContent/Textures/T_Metal_Rust_N.uasset" to "T:/Documents/NECROMANCER/NecroMancer/Content/StarterContent/Textures/T_Metal_Rust_N.uasset"
[2016.11.11-18.18.17:305][  0]LogPackFactory: Copied "../../../Samples/StarterContent/Content/StarterContent/Textures/T_Metal_Steel_D.uasset" to "T:/Documents/NECROMANCER/NecroMancer/Content/StarterContent/Textures/T_Metal_Steel_D.uasset"
[2016.11.11-18.18.17:747][  0]LogPackFactory: Copied "../../../Samples/StarterContent/Content/StarterContent/Textures/T_Metal_Steel_N.uasset" to "T:/Documents/NECROMANCER/NecroMancer/Content/StarterContent/Textures/T_Metal_Steel_N.uasset"
[2016.11.11-18.18.18:447][  0]LogPackFactory: Copied "../../../Samples/StarterContent/Content/StarterContent/Textures/T_Perlin_Noise_M.uasset" to "T:/Documents/NECROMANCER/NecroMancer/Content/StarterContent/Textures/T_Perlin_Noise_M.uasset"
[2016.11.11-18.18.18:697][  0]LogPackFactory: Copied "../../../Samples/StarterContent/Content/StarterContent/Textures/T_RockMesh_M.uasset" to "T:/Documents/NECROMANCER/NecroMancer/Content/StarterContent/Textures/T_RockMesh_M.uasset"
[2016.11.11-18.18.19:180][  0]LogPackFactory: Copied "../../../Samples/StarterContent/Content/StarterContent/Textures/T_RockMesh_N.uasset" to "T:/Documents/NECROMANCER/NecroMancer/Content/StarterContent/Textures/T_RockMesh_N.uasset"
[2016.11.11-18.18.20:008][  0]LogPackFactory: Copied "../../../Samples/StarterContent/Content/StarterContent/Textures/T_Rock_Basalt_D.uasset" to "T:/Documents/NECROMANCER/NecroMancer/Content/StarterContent/Textures/T_Rock_Basalt_D.uasset"
[2016.11.11-18.18.20:704][  0]LogPackFactory: Copied "../../../Samples/StarterContent/Content/StarterContent/Textures/T_Rock_Basalt_N.uasset" to "T:/Documents/NECROMANCER/NecroMancer/Content/StarterContent/Textures/T_Rock_Basalt_N.uasset"
[2016.11.11-18.18.21:182][  0]LogPackFactory: Copied "../../../Samples/StarterContent/Content/StarterContent/Textures/T_Rock_Marble_Polished_D.uasset" to "T:/Documents/NECROMANCER/NecroMancer/Content/StarterContent/Textures/T_Rock_Marble_Polished_D.uasset"
[2016.11.11-18.18.22:003][  0]LogPackFactory: Copied "../../../Samples/StarterContent/Content/StarterContent/Textures/T_Rock_Sandstone_D.uasset" to "T:/Documents/NECROMANCER/NecroMancer/Content/StarterContent/Textures/T_Rock_Sandstone_D.uasset"
[2016.11.11-18.18.22:750][  0]LogPackFactory: Copied "../../../Samples/StarterContent/Content/StarterContent/Textures/T_Rock_Sandstone_N.uasset" to "T:/Documents/NECROMANCER/NecroMancer/Content/StarterContent/Textures/T_Rock_Sandstone_N.uasset"
[2016.11.11-18.18.23:839][  0]LogPackFactory: Copied "../../../Samples/StarterContent/Content/StarterContent/Textures/T_Rock_Slate_D.uasset" to "T:/Documents/NECROMANCER/NecroMancer/Content/StarterContent/Textures/T_Rock_Slate_D.uasset"
[2016.11.11-18.18.24:694][  0]LogPackFactory: Copied "../../../Samples/StarterContent/Content/StarterContent/Textures/T_Rock_Slate_N.uasset" to "T:/Documents/NECROMANCER/NecroMancer/Content/StarterContent/Textures/T_Rock_Slate_N.uasset"
[2016.11.11-18.18.25:494][  0]LogPackFactory: Copied "../../../Samples/StarterContent/Content/StarterContent/Textures/T_Rock_Smooth_Granite_D.uasset" to "T:/Documents/NECROMANCER/NecroMancer/Content/StarterContent/Textures/T_Rock_Smooth_Granite_D.uasset"
[2016.11.11-18.18.25:581][  0]LogPackFactory: Copied "../../../Samples/StarterContent/Content/StarterContent/Textures/T_Shelf_M.uasset" to "T:/Documents/NECROMANCER/NecroMancer/Content/StarterContent/Textures/T_Shelf_M.uasset"
[2016.11.11-18.18.25:737][  0]LogPackFactory: Copied "../../../Samples/StarterContent/Content/StarterContent/Textures/T_Shelf_N.uasset" to "T:/Documents/NECROMANCER/NecroMancer/Content/StarterContent/Textures/T_Shelf_N.uasset"
[2016.11.11-18.18.25:752][  0]LogPackFactory: Copied "../../../Samples/StarterContent/Content/StarterContent/Textures/T_Single_Tile_N.uasset" to "T:/Documents/NECROMANCER/NecroMancer/Content/StarterContent/Textures/T_Single_Tile_N.uasset"
[2016.11.11-18.18.25:993][  0]LogPackFactory: Copied "../../../Samples/StarterContent/Content/StarterContent/Textures/T_Smoke_SubUV.uasset" to "T:/Documents/NECROMANCER/NecroMancer/Content/StarterContent/Textures/T_Smoke_SubUV.uasset"
[2016.11.11-18.18.26:013][  0]LogPackFactory: Copied "../../../Samples/StarterContent/Content/StarterContent/Textures/T_Smoke_Tiled_D.uasset" to "T:/Documents/NECROMANCER/NecroMancer/Content/StarterContent/Textures/T_Smoke_Tiled_D.uasset"
[2016.11.11-18.18.26:035][  0]LogPackFactory: Copied "../../../Samples/StarterContent/Content/StarterContent/Textures/T_Spark_Core.uasset" to "T:/Documents/NECROMANCER/NecroMancer/Content/StarterContent/Textures/T_Spark_Core.uasset"
[2016.11.11-18.18.26:090][  0]LogPackFactory: Copied "../../../Samples/StarterContent/Content/StarterContent/Textures/T_Statue_M.uasset" to "T:/Documents/NECROMANCER/NecroMancer/Content/StarterContent/Textures/T_Statue_M.uasset"
[2016.11.11-18.18.26:150][  0]LogPackFactory: Copied "../../../Samples/StarterContent/Content/StarterContent/Textures/T_Statue_N.uasset" to "T:/Documents/NECROMANCER/NecroMancer/Content/StarterContent/Textures/T_Statue_N.uasset"
[2016.11.11-18.18.26:243][  0]LogPackFactory: Copied "../../../Samples/StarterContent/Content/StarterContent/Textures/T_TableRound_M.uasset" to "T:/Documents/NECROMANCER/NecroMancer/Content/StarterContent/Textures/T_TableRound_M.uasset"
[2016.11.11-18.18.26:395][  0]LogPackFactory: Copied "../../../Samples/StarterContent/Content/StarterContent/Textures/T_TableRound_N.uasset" to "T:/Documents/NECROMANCER/NecroMancer/Content/StarterContent/Textures/T_TableRound_N.uasset"
[2016.11.11-18.18.26:434][  0]LogPackFactory: Copied "../../../Samples/StarterContent/Content/StarterContent/Textures/T_Tech_Dot_M.uasset" to "T:/Documents/NECROMANCER/NecroMancer/Content/StarterContent/Textures/T_Tech_Dot_M.uasset"
[2016.11.11-18.18.26:466][  0]LogPackFactory: Copied "../../../Samples/StarterContent/Content/StarterContent/Textures/T_Tech_Dot_N.uasset" to "T:/Documents/NECROMANCER/NecroMancer/Content/StarterContent/Textures/T_Tech_Dot_N.uasset"
[2016.11.11-18.18.26:550][  0]LogPackFactory: Copied "../../../Samples/StarterContent/Content/StarterContent/Textures/T_Tech_Hex_Tile_M.uasset" to "T:/Documents/NECROMANCER/NecroMancer/Content/StarterContent/Textures/T_Tech_Hex_Tile_M.uasset"
[2016.11.11-18.18.26:607][  0]LogPackFactory: Copied "../../../Samples/StarterContent/Content/StarterContent/Textures/T_Tech_Hex_Tile_N.uasset" to "T:/Documents/NECROMANCER/NecroMancer/Content/StarterContent/Textures/T_Tech_Hex_Tile_N.uasset"
[2016.11.11-18.18.26:706][  0]LogPackFactory: Copied "../../../Samples/StarterContent/Content/StarterContent/Textures/T_Tech_Panel_M.uasset" to "T:/Documents/NECROMANCER/NecroMancer/Content/StarterContent/Textures/T_Tech_Panel_M.uasset"
[2016.11.11-18.18.26:879][  0]LogPackFactory: Copied "../../../Samples/StarterContent/Content/StarterContent/Textures/T_Tech_Panel_N.uasset" to "T:/Documents/NECROMANCER/NecroMancer/Content/StarterContent/Textures/T_Tech_Panel_N.uasset"
[2016.11.11-18.18.27:041][  0]LogPackFactory: Copied "../../../Samples/StarterContent/Content/StarterContent/Textures/T_Water_M.uasset" to "T:/Documents/NECROMANCER/NecroMancer/Content/StarterContent/Textures/T_Water_M.uasset"
[2016.11.11-18.18.27:249][  0]LogPackFactory: Copied "../../../Samples/StarterContent/Content/StarterContent/Textures/T_Water_N.uasset" to "T:/Documents/NECROMANCER/NecroMancer/Content/StarterContent/Textures/T_Water_N.uasset"
[2016.11.11-18.18.27:662][  0]LogPackFactory: Copied "../../../Samples/StarterContent/Content/StarterContent/Textures/T_Wood_Floor_Walnut_D.uasset" to "T:/Documents/NECROMANCER/NecroMancer/Content/StarterContent/Textures/T_Wood_Floor_Walnut_D.uasset"
[2016.11.11-18.18.28:018][  0]LogPackFactory: Copied "../../../Samples/StarterContent/Content/StarterContent/Textures/T_Wood_Floor_Walnut_M.uasset" to "T:/Documents/NECROMANCER/NecroMancer/Content/StarterContent/Textures/T_Wood_Floor_Walnut_M.uasset"
[2016.11.11-18.18.28:281][  0]LogPackFactory: Copied "../../../Samples/StarterContent/Content/StarterContent/Textures/T_Wood_Floor_Walnut_N.uasset" to "T:/Documents/NECROMANCER/NecroMancer/Content/StarterContent/Textures/T_Wood_Floor_Walnut_N.uasset"
[2016.11.11-18.18.28:879][  0]LogPackFactory: Copied "../../../Samples/StarterContent/Content/StarterContent/Textures/T_Wood_Oak_D.uasset" to "T:/Documents/NECROMANCER/NecroMancer/Content/StarterContent/Textures/T_Wood_Oak_D.uasset"
[2016.11.11-18.18.29:436][  0]LogPackFactory: Copied "../../../Samples/StarterContent/Content/StarterContent/Textures/T_Wood_Oak_N.uasset" to "T:/Documents/NECROMANCER/NecroMancer/Content/StarterContent/Textures/T_Wood_Oak_N.uasset"
[2016.11.11-18.18.30:295][  0]LogPackFactory: Copied "../../../Samples/StarterContent/Content/StarterContent/Textures/T_Wood_Pine_D.uasset" to "T:/Documents/NECROMANCER/NecroMancer/Content/StarterContent/Textures/T_Wood_Pine_D.uasset"
[2016.11.11-18.18.30:611][  0]LogPackFactory: Copied "../../../Samples/StarterContent/Content/StarterContent/Textures/T_Wood_Pine_N.uasset" to "T:/Documents/NECROMANCER/NecroMancer/Content/StarterContent/Textures/T_Wood_Pine_N.uasset"
[2016.11.11-18.18.31:193][  0]LogPackFactory: Copied "../../../Samples/StarterContent/Content/StarterContent/Textures/T_Wood_Walnut_D.uasset" to "T:/Documents/NECROMANCER/NecroMancer/Content/StarterContent/Textures/T_Wood_Walnut_D.uasset"
[2016.11.11-18.18.31:544][  0]LogPackFactory: Copied "../../../Samples/StarterContent/Content/StarterContent/Textures/T_Wood_Walnut_N.uasset" to "T:/Documents/NECROMANCER/NecroMancer/Content/StarterContent/Textures/T_Wood_Walnut_N.uasset"
[2016.11.11-18.18.31:697][  0]LogRenderer: Reallocating scene render targets to support 256x256 (Frame:2).
[2016.11.11-18.18.31:805][  0]Cmd: OBJ SAVEPACKAGE PACKAGE="/Game/StarterContent/Architecture/Floor_400x400" FILE="T:/Documents/NECROMANCER/NecroMancer/Content/StarterContent/Architecture/Floor_400x400.uasset" SILENT=true
[2016.11.11-18.18.31:973][  0]LogSavePackage: Save=113.81ms
[2016.11.11-18.18.31:973][  0]LogSavePackage: Moving 'T:/Documents/NECROMANCER/NecroMancer/Saved/Floor_400x400FA99809844BD3AC0E1F0A39971A95235.tmp' to 'T:/Documents/NECROMANCER/NecroMancer/Content/StarterContent/Architecture/Floor_400x400.uasset'
[2016.11.11-18.18.32:023][  0]LogSavePackage:Display: Finished SavePackage T:/Documents/NECROMANCER/NecroMancer/Content/StarterContent/Architecture/Floor_400x400.uasset
[2016.11.11-18.18.32:023][  0]LogFeaturePack:Warning: Inserted 1 feature packs
[2016.11.11-18.18.32:041][  0]Cmd: MAP LOAD FILE="T:/Documents/NECROMANCER/NecroMancer/Content/StarterContent/Maps/Minimal_Default.umap" TEMPLATE=0 SHOWPROGRESS=1 FEATURELEVEL=3
[2016.11.11-18.18.32:068][  0]LightingResults: New page: Lighting Build
[2016.11.11-18.18.32:079][  0]MapCheck: New page: Map Check
[2016.11.11-18.18.32:079][  0]LightingResults: New page: Lighting Build
[2016.11.11-18.18.33:281][  0]LogAIModule: Creating AISystem for world Minimal_Default
[2016.11.11-18.18.33:287][  0]LogEditorServer: Finished looking for orphan Actors (0.000 secs)
[2016.11.11-18.18.33:287][  0]Cmd: MAP CHECKDEP NOCLEARLOG
[2016.11.11-18.18.33:385][  0]MapCheck: Info Map check complete: 0 Error(s), 0 Warning(s), took 97.861ms to complete.
[2016.11.11-18.18.33:385][  0]LogFileHelpers: Loading map 'Minimal_Default' took 1.345
[2016.11.11-18.18.33:500][  0]LogCollectionManager: Loaded 0 collections in 0.004196 seconds
[2016.11.11-18.18.33:584][  0]LogFileCache: Scanning file cache for directory 'T:/Documents/NECROMANCER/NecroMancer/Saved/Collections/' took 0.01s
[2016.11.11-18.18.33:584][  0]LogFileCache: Scanning file cache for directory 'T:/Documents/NECROMANCER/NecroMancer/Content/Developers/100405964/Collections/' took 0.01s
[2016.11.11-18.18.33:584][  0]LogFileCache: Scanning file cache for directory 'T:/Documents/NECROMANCER/NecroMancer/Content/Collections/' took 0.01s
[2016.11.11-18.18.33:584][  0]LogCollectionManager: Rebuilt the GUID cache for 0 collections in 0.000003 seconds
[2016.11.11-18.18.33:595][  0]LogContentBrowser: Native class hierarchy populated in 0.0113 seconds. Added 2157 classes and 423 folders.
[2016.11.11-18.18.33:600][  0]LogStats: UGameplayTagsManager::ConstructGameplayTagTree: Construct from data asset -  0.000 s
[2016.11.11-18.18.33:600][  0]LogStats: UGameplayTagsManager::ConstructGameplayTagTree: GameplayTagTreeChangedEvent.Broadcast -  0.000 s
[2016.11.11-18.18.33:601][  0]LogContentBrowser: Native class hierarchy updated for 'GameplayTags' in 0.0008 seconds. Added 12 classes and 0 folders.
[2016.11.11-18.18.33:607][  0]LogContentBrowser: Native class hierarchy updated for 'WidgetCarousel' in 0.0007 seconds. Added 0 classes and 0 folders.
[2016.11.11-18.18.33:698][  0]LogContentBrowser: Native class hierarchy updated for 'AddContentDialog' in 0.0005 seconds. Added 0 classes and 0 folders.
[2016.11.11-18.18.33:709][  0]LogCrashTracker: Crashtracker disabled due to settings.
[2016.11.11-18.18.33:713][  0]LogUObjectGlobals:Warning: Failed to find object 'Class None.'
[2016.11.11-18.18.33:752][  0]LogContentBrowser: Native class hierarchy updated for 'HierarchicalLODOutliner' in 0.0005 seconds. Added 1 classes and 2 folders.
[2016.11.11-18.18.33:752][  0]LogLoad: (Engine Initialization) Total time: 77.23 seconds
[2016.11.11-18.18.33:752][  0]LogLoad: (Engine Initialization) Total Blueprint compile time: 0.04 seconds
[2016.11.11-18.18.33:752][  0]LogExternalProfiler: Found external profiler: VSPerf
[2016.11.11-18.18.33:752][  0]LogExternalProfiler: Using external profiler: VSPerf
[2016.11.11-18.18.33:761][  0]LogOcInput: OculusInput pre-init called
[2016.11.11-18.18.33:799][  0]LogDirectoryWatcher: A directory notification failed for 'T:/Documents/NECROMANCER/NecroMancer/Content/' because it was empty or there was a buffer overflow. Attemping another request...
[2016.11.11-18.18.33:800][  0]LogDirectoryWatcher: A directory notification failed for 'T:/Documents/NECROMANCER/NecroMancer/Content/', and we were unable to create a new request.
[2016.11.11-18.18.33:800][  0]LogDirectoryWatcher: A directory notification failed for 'T:/Documents/NECROMANCER/NecroMancer/Saved/Collections/' because it was empty or there was a buffer overflow. Attemping another request...
[2016.11.11-18.18.33:800][  0]LogDirectoryWatcher: A directory notification failed for 'T:/Documents/NECROMANCER/NecroMancer/Content/Developers/100405964/Collections/' because it was empty or there was a buffer overflow. Attemping another request...
[2016.11.11-18.18.33:800][  0]LogDirectoryWatcher: A directory notification failed for 'T:/Documents/NECROMANCER/NecroMancer/Content/Collections/' because it was empty or there was a buffer overflow. Attempi